Using pre-set license
Built from '2022.1/staging' branch; Version is '2022.1.12f1 (916d9c03b898) revision 9530780'; Using compiler version '192829333'; Build Type 'Release'
OS: 'Windows 10  (10.0.19044) 64bit Core' Language: 'en' Physical Memory: 65456 MB
BatchMode: 1, IsHumanControllingUs: 0, StartBugReporterOnCrash: 0, Is64bit: 1, IsPro: 1

COMMAND LINE ARGUMENTS:
C:\Program Files\Unity\Hub\Editor\2022.1.12f1\Editor\Unity.exe
-adb2
-batchMode
-noUpm
-name
AssetImportWorker1
-projectPath
D:/College Work 5/5JB - Exp/Hoang-Kevin_Arsenault-Zackary_TP
-logFile
Logs/AssetImportWorker1.log
-srvPort
62561
Successfully changed project path to: D:/College Work 5/5JB - Exp/Hoang-Kevin_Arsenault-Zackary_TP
D:/College Work 5/5JB - Exp/Hoang-Kevin_Arsenault-Zackary_TP
[UnityMemory] Configuration Parameters - Can be set up in boot.config
    "memorysetup-bucket-allocator-granularity=16"
    "memorysetup-bucket-allocator-bucket-count=8"
    "memorysetup-bucket-allocator-block-size=33554432"
    "memorysetup-bucket-allocator-block-count=8"
    "memorysetup-main-allocator-block-size=16777216"
    "memorysetup-thread-allocator-block-size=16777216"
    "memorysetup-gfx-main-allocator-block-size=16777216"
    "memorysetup-gfx-thread-allocator-block-size=16777216"
    "memorysetup-cache-allocator-block-size=4194304"
    "memorysetup-typetree-allocator-block-size=2097152"
    "memorysetup-profiler-bucket-allocator-granularity=16"
    "memorysetup-profiler-bucket-allocator-bucket-count=8"
    "memorysetup-profiler-bucket-allocator-block-size=33554432"
    "memorysetup-profiler-bucket-allocator-block-count=8"
    "memorysetup-profiler-allocator-block-size=16777216"
    "memorysetup-profiler-editor-allocator-block-size=1048576"
    "memorysetup-temp-allocator-size-main=16777216"
    "memorysetup-job-temp-allocator-block-size=2097152"
    "memorysetup-job-temp-allocator-block-size-background=1048576"
    "memorysetup-job-temp-allocator-reduction-small-platforms=262144"
    "memorysetup-temp-allocator-size-background-worker=32768"
    "memorysetup-temp-allocator-size-job-worker=262144"
    "memorysetup-temp-allocator-size-preload-manager=33554432"
    "memorysetup-temp-allocator-size-nav-mesh-worker=65536"
    "memorysetup-temp-allocator-size-audio-worker=65536"
    "memorysetup-temp-allocator-size-cloud-worker=32768"
    "memorysetup-temp-allocator-size-gi-baking-worker=262144"
    "memorysetup-temp-allocator-size-gfx=262144"
Refreshing native plugins compatible for Editor in 221.29 ms, found 6 plugins.
Preloading 1 native plugins for Editor in 1.14 ms.
Initialize engine version: 2022.1.12f1 (916d9c03b898)
[Subsystems] Discovering subsystems at path C:/Program Files/Unity/Hub/Editor/2022.1.12f1/Editor/Data/Resources/UnitySubsystems
[Subsystems] Discovering subsystems at path D:/College Work 5/5JB - Exp/Hoang-Kevin_Arsenault-Zackary_TP/Assets
GfxDevice: creating device client; threaded=0; jobified=0
Direct3D:
    Version:  Direct3D 11.0 [level 11.1]
    Renderer: NVIDIA GeForce GTX 970 (ID=0x13c2)
    Vendor:   NVIDIA
    VRAM:     4037 MB
    Driver:   31.0.15.2647
Initialize mono
Mono path[0] = 'C:/Program Files/Unity/Hub/Editor/2022.1.12f1/Editor/Data/Managed'
Mono path[1] = 'C:/Program Files/Unity/Hub/Editor/2022.1.12f1/Editor/Data/MonoBleedingEdge/lib/mono/unityjit-win32'
Mono config path = 'C:/Program Files/Unity/Hub/Editor/2022.1.12f1/Editor/Data/MonoBleedingEdge/etc'
Using monoOptions --debugger-agent=transport=dt_socket,embedding=1,server=y,suspend=n,address=127.0.0.1:56928
Begin MonoManager ReloadAssembly
Registering precompiled unity dll's ...
Register platform support module: C:/Program Files/Unity/Hub/Editor/2022.1.12f1/Editor/Data/PlaybackEngines/AndroidPlayer/UnityEditor.Android.Extensions.dll
Register platform support module: C:/Program Files/Unity/Hub/Editor/2022.1.12f1/Editor/Data/PlaybackEngines/WindowsStandaloneSupport/UnityEditor.WindowsStandalone.Extensions.dll
Registered in 0.019280 seconds.
Native extension for WindowsStandalone target not found
Native extension for Android target not found
Refreshing native plugins compatible for Editor in 210.09 ms, found 6 plugins.
Preloading 1 native plugins for Editor in 0.24 ms.
Mono: successfully reloaded assembly
- Completed reload, in  1.298 seconds
Domain Reload Profiling:
	ReloadAssembly (1299ms)
		BeginReloadAssembly (138ms)
			ExecutionOrderSort (0ms)
			DisableScriptedObjects (0ms)
			BackupInstance (0ms)
			ReleaseScriptingObjects (0ms)
			CreateAndSetChildDomain (1ms)
		EndReloadAssembly (952ms)
			LoadAssemblies (134ms)
			RebuildTransferFunctionScriptingTraits (0ms)
			SetupTypeCache (218ms)
				TypeCache.Initialize (218ms)
					TypeCache.ScanAssembly (216ms)
				ResolveRequiredComponents (1ms)
			ReleaseScriptCaches (0ms)
			RebuildScriptCaches (47ms)
			SetupLoadedEditorAssemblies (593ms)
				LogAssemblyErrors (0ms)
				InitializePlatformSupportModulesInManaged (104ms)
				SetLoadedEditorAssemblies (12ms)
				RefreshPlugins (211ms)
				BeforeProcessingInitializeOnLoad (2ms)
				ProcessInitializeOnLoadAttributes (181ms)
				ProcessInitializeOnLoadMethodAttributes (82ms)
				AfterProcessingInitializeOnLoad (0ms)
				EditorAssembliesLoaded (0ms)
			ExecutionOrderSort2 (0ms)
			AwakeInstancesAfterBackupRestoration (0ms)
Platform modules already initialized, skipping
Registering precompiled user dll's ...
Registered in 0.013037 seconds.
Begin MonoManager ReloadAssembly
Symbol file LoadedFromMemory doesn't match image D:\College Work 5\5JB - Exp\Hoang-Kevin_Arsenault-Zackary_TP\Library\PackageCache\com.unity.visualscripting@1.7.8\Editor\VisualScripting.Core\Dependencies\YamlDotNet\Unity.VisualScripting.YamlDotNet.dll
Symbol file LoadedFromMemory doesn't match image D:\College Work 5\5JB - Exp\Hoang-Kevin_Arsenault-Zackary_TP\Library\PackageCache\com.unity.visualscripting@1.7.8\Editor\VisualScripting.Core\Dependencies\DotNetZip\Unity.VisualScripting.IonicZip.dll
Native extension for WindowsStandalone target not found
Native extension for Android target not found
Refreshing native plugins compatible for Editor in 209.36 ms, found 6 plugins.
Preloading 1 native plugins for Editor in 0.08 ms.
Package Manager log level set to [2]
[Package Manager] Server::EnsureServerProcessIsRunning -- launch failed, reason: Unity was launched with the -noUpm command-line argument
[Package Manager] UpmClient::Send -- Unable to send message (not connected to UPM process).
[Package Manager] Cannot connect to Unity Package Manager local server
System.Reflection.TargetInvocationException: Exception has been thrown by the target of an invocation. ---> System.NullReferenceException: Object reference not set to an instance of an object
  at Unity.XR.Oculus.OculusLoader.AssetPathToAbsolutePath (System.String assetPath) [0x0003d] in D:\College Work 5\5JB - Exp\Hoang-Kevin_Arsenault-Zackary_TP\Library\PackageCache\com.unity.xr.oculus@3.0.2\Runtime\OculusLoader.cs:271 
  at Unity.XR.Oculus.OculusLoader.EditorLoadOVRPlugin () [0x0007b] in D:\College Work 5\5JB - Exp\Hoang-Kevin_Arsenault-Zackary_TP\Library\PackageCache\com.unity.xr.oculus@3.0.2\Runtime\OculusLoader.cs:256 
  at (wrapper managed-to-native) System.Reflection.RuntimeMethodInfo.InternalInvoke(System.Reflection.RuntimeMethodInfo,object,object[],System.Exception&)
  at System.Reflection.RuntimeMethodInfo.Invoke (System.Object obj, System.Reflection.BindingFlags invokeAttr, System.Reflection.Binder binder, System.Object[] parameters, System.Globalization.CultureInfo culture) [0x0006a] in <f3aec01a34d14c7080754e28743c8472>:0 
   --- End of inner exception stack trace ---
  at System.Reflection.RuntimeMethodInfo.Invoke (System.Object obj, System.Reflection.BindingFlags invokeAttr, System.Reflection.Binder binder, System.Object[] parameters, System.Globalization.CultureInfo culture) [0x00083] in <f3aec01a34d14c7080754e28743c8472>:0 
  at System.Reflection.MethodBase.Invoke (System.Object obj, System.Object[] parameters) [0x00000] in <f3aec01a34d14c7080754e28743c8472>:0 
  at UnityEditor.EditorAssemblies.ProcessInitializeOnLoadMethodAttributes () [0x000a5] in <a01bf2e497e84ae285aeb97a3052e6cc>:0 
UnityEngine.StackTraceUtility:ExtractStackTrace ()
UnityEngine.DebugLogHandler:LogFormat (UnityEngine.LogType,UnityEngine.Object,string,object[])
UnityEngine.Logger:Log (UnityEngine.LogType,object)
UnityEngine.Debug:LogError (object)
UnityEditor.EditorAssemblies:ProcessInitializeOnLoadMethodAttributes ()

Mono: successfully reloaded assembly
[Package Manager] Server::EnsureServerProcessIsRunning -- launch failed, reason: Unity was launched with the -noUpm command-line argument
[Package Manager] UpmClient::Send -- Unable to send message (not connected to UPM process).
[Package Manager] Cannot connect to Unity Package Manager local server
[Package Manager] Server::EnsureServerProcessIsRunning -- launch failed, reason: Unity was launched with the -noUpm command-line argument
[Package Manager] UpmClient::Send -- Unable to send message (not connected to UPM process).
[Package Manager] Cannot connect to Unity Package Manager local server
- Completed reload, in  2.707 seconds
Domain Reload Profiling:
	ReloadAssembly (2709ms)
		BeginReloadAssembly (318ms)
			ExecutionOrderSort (0ms)
			DisableScriptedObjects (9ms)
			BackupInstance (0ms)
			ReleaseScriptingObjects (0ms)
			CreateAndSetChildDomain (138ms)
		EndReloadAssembly (2158ms)
			LoadAssemblies (162ms)
			RebuildTransferFunctionScriptingTraits (0ms)
			SetupTypeCache (560ms)
				TypeCache.Initialize (538ms)
					TypeCache.ScanAssembly (532ms)
				ResolveRequiredComponents (22ms)
			ReleaseScriptCaches (1ms)
			RebuildScriptCaches (128ms)
			SetupLoadedEditorAssemblies (1227ms)
				LogAssemblyErrors (0ms)
				InitializePlatformSupportModulesInManaged (24ms)
				SetLoadedEditorAssemblies (9ms)
				RefreshPlugins (210ms)
				BeforeProcessingInitializeOnLoad (206ms)
				ProcessInitializeOnLoadAttributes (609ms)
				ProcessInitializeOnLoadMethodAttributes (153ms)
				AfterProcessingInitializeOnLoad (16ms)
				EditorAssembliesLoaded (0ms)
			ExecutionOrderSort2 (0ms)
			AwakeInstancesAfterBackupRestoration (10ms)
Platform modules already initialized, skipping
========================================================================
Worker process is ready to serve import requests
Launched and connected shader compiler UnityShaderCompiler.exe after 0.05 seconds
Refreshing native plugins compatible for Editor in 1.84 ms, found 6 plugins.
Preloading 1 native plugins for Editor in 0.09 ms.
Unloading 5982 Unused Serialized files (Serialized files now loaded: 0)
Unloading 36 unused Assets / (65.1 KB). Loaded Objects now: 6460.
Memory consumption went from 0.93 GB to 0.93 GB.
Total: 5.952800 ms (FindLiveObjects: 0.641400 ms CreateObjectMapping: 0.423400 ms MarkObjects: 4.701900 ms  DeleteObjects: 0.184500 ms)

AssetImportParameters requested are different than current active one (requested -> active):
  custom:video-decoder-ogg-theora: a1e56fd34408186e4bbccfd4996cb3dc -> 
  custom:container-muxer-webm: aa71ff27fc2769a1b78a27578f13a17b -> 
  custom:container-demuxer-webm: 4f35f7cbe854078d1ac9338744f61a02 -> 
  custom:video-encoder-webm-vp8: eb34c28f22e8b96e1ab97ce403110664 -> 
  custom:audio-encoder-webm-vorbis: bf7c407c2cedff20999df2af8eb42d56 -> 
  custom:framework-win-MediaFoundation: 216162199b28c13a410421893ffa2e32 -> 
  custom:container-demuxer-ogg: 62fdf1f143b41e24485cea50d1cbac27 -> 
  custom:video-decoder-webm-vp8: 9c59270c3fd7afecdb556c50c9e8de78 -> 
  custom:audio-decoder-ogg-vorbis: bf7c407c2cedff20999df2af8eb42d56 -> 
========================================================================
Received Import Request.
  Time since last request: 24643.426460 seconds.
  path: Assets/3J3_AssetsJeu/_Ressources(Ne pas effacer)/Skybox/Stars01/backImage.png
  artifactKey: Guid(0fbf23bda4c210c44a0fe51c9bbaecc7) Importer(815301076,1909f56bfc062723c751e8b465ee728b)
Start importing Assets/3J3_AssetsJeu/_Ressources(Ne pas effacer)/Skybox/Stars01/backImage.png using Guid(0fbf23bda4c210c44a0fe51c9bbaecc7) Importer(815301076,1909f56bfc062723c751e8b465ee728b)  -> (artifact id: '77af4f68a7c6fc93037c0a320941566a') in 0.168016 seconds 
========================================================================
Received Import Request.
  Time since last request: 0.000041 seconds.
  path: Assets/3J3_AssetsJeu/_Ressources(Ne pas effacer)/Skybox/Stars01/upImage.png
  artifactKey: Guid(1eee1a8f13e601d4e967192b6915486c) Importer(815301076,1909f56bfc062723c751e8b465ee728b)
Start importing Assets/3J3_AssetsJeu/_Ressources(Ne pas effacer)/Skybox/Stars01/upImage.png using Guid(1eee1a8f13e601d4e967192b6915486c) Importer(815301076,1909f56bfc062723c751e8b465ee728b)  -> (artifact id: '0d1ee9eea3267d1b1bd0a6f00f907f29') in 0.022807 seconds 
========================================================================
Received Import Request.
  Time since last request: 11.292515 seconds.
  path: Assets/3J3_AssetsJeu/_Ressources(Ne pas effacer)/Water/Water/Materials/WaterProDaytime.mat
  artifactKey: Guid(7350b65a6431f604a8496c39db1ac9c5) Importer(815301076,1909f56bfc062723c751e8b465ee728b)
Start importing Assets/3J3_AssetsJeu/_Ressources(Ne pas effacer)/Water/Water/Materials/WaterProDaytime.mat using Guid(7350b65a6431f604a8496c39db1ac9c5) Importer(815301076,1909f56bfc062723c751e8b465ee728b)  -> (artifact id: '496f085ed7bb8e7ad6336424a3fe190e') in 0.793996 seconds 
========================================================================
Received Import Request.
  Time since last request: 72.025851 seconds.
  path: Assets/3J3_AssetsJeu/Scenes/SceneJeu.unity
  artifactKey: Guid(9fc0d4010bbf28b4594072e72b8655ab) Importer(2089858483,0ecaa5967403d082aa24f35e1b516d23)
Start importing Assets/3J3_AssetsJeu/Scenes/SceneJeu.unity using Guid(9fc0d4010bbf28b4594072e72b8655ab) Importer(2089858483,0ecaa5967403d082aa24f35e1b516d23) Generated GUIDs only implemented for interfaces!
 -> (artifact id: '5cd2aa7710a3b317c44c3ae675bbb1e9') in 0.243512 seconds 
========================================================================
Received Import Request.
  Time since last request: 0.000074 seconds.
  path: Assets/Samples/XR Interaction Toolkit/2.0.4
  artifactKey: Guid(0cfdb929179f29f45b7c197c0f5bd1bb) Importer(2089858483,0ecaa5967403d082aa24f35e1b516d23)
Start importing Assets/Samples/XR Interaction Toolkit/2.0.4 using Guid(0cfdb929179f29f45b7c197c0f5bd1bb) Importer(2089858483,0ecaa5967403d082aa24f35e1b516d23) Generated GUIDs only implemented for interfaces!
 -> (artifact id: 'b4bb5ad065de02fef459aa9f81cf1ad3') in 0.012896 seconds 
========================================================================
Received Import Request.
  Time since last request: 0.000051 seconds.
  path: Assets/Samples/XR Interaction Toolkit/2.0.4/Starter Assets/XRI Default Left Controller.preset
  artifactKey: Guid(ffd8268f7307a0c48a067dad4a8fe060) Importer(2089858483,0ecaa5967403d082aa24f35e1b516d23)
Start importing Assets/Samples/XR Interaction Toolkit/2.0.4/Starter Assets/XRI Default Left Controller.preset using Guid(ffd8268f7307a0c48a067dad4a8fe060) Importer(2089858483,0ecaa5967403d082aa24f35e1b516d23) Generated GUIDs only implemented for interfaces!
 -> (artifact id: 'b09f0626b30f10878166f9b52d037ac9') in 0.070500 seconds 
========================================================================
Received Import Request.
  Time since last request: 0.009807 seconds.
  path: Assets/Samples/XR Interaction Toolkit/2.0.4/Starter Assets
  artifactKey: Guid(5c53e9ecb893b084ca8cffb4c346e5a5) Importer(2089858483,0ecaa5967403d082aa24f35e1b516d23)
Start importing Assets/Samples/XR Interaction Toolkit/2.0.4/Starter Assets using Guid(5c53e9ecb893b084ca8cffb4c346e5a5) Importer(2089858483,0ecaa5967403d082aa24f35e1b516d23) Generated GUIDs only implemented for interfaces!
 -> (artifact id: '4b6d2b2b31437e523f96b4b85741031d') in 0.015112 seconds 
========================================================================
Received Import Request.
  Time since last request: 0.000055 seconds.
  path: Assets/5JB_Ex3-MiniJeu/CollisionBoulesEtQuilles.cs
  artifactKey: Guid(47ed410c14d23a24baedd0e7a57e9d18) Importer(2089858483,0ecaa5967403d082aa24f35e1b516d23)
Start importing Assets/5JB_Ex3-MiniJeu/CollisionBoulesEtQuilles.cs using Guid(47ed410c14d23a24baedd0e7a57e9d18) Importer(2089858483,0ecaa5967403d082aa24f35e1b516d23) Generated GUIDs only implemented for interfaces!
 -> (artifact id: '29879d5485959c690b8f332ce2616605') in 0.028816 seconds 
========================================================================
Received Import Request.
  Time since last request: 0.000060 seconds.
  path: Assets/M67/Textures/M67 old/M67 old_Normal.png
  artifactKey: Guid(5f3465fa2aafa1c479d4b26791a54b21) Importer(2089858483,0ecaa5967403d082aa24f35e1b516d23)
Start importing Assets/M67/Textures/M67 old/M67 old_Normal.png using Guid(5f3465fa2aafa1c479d4b26791a54b21) Importer(2089858483,0ecaa5967403d082aa24f35e1b516d23) Generated GUIDs only implemented for interfaces!
 -> (artifact id: '9574d454e850af319173ef833888290d') in 0.531273 seconds 
========================================================================
Received Import Request.
  Time since last request: 0.000063 seconds.
  path: Assets/M67/Textures/M67 modern/M67 modern_Metallic.png
  artifactKey: Guid(679b8265c43a39849be9197aba9cc024) Importer(2089858483,0ecaa5967403d082aa24f35e1b516d23)
Start importing Assets/M67/Textures/M67 modern/M67 modern_Metallic.png using Guid(679b8265c43a39849be9197aba9cc024) Importer(2089858483,0ecaa5967403d082aa24f35e1b516d23) Generated GUIDs only implemented for interfaces!
 -> (artifact id: 'f80ef58f3aef672db7770e7ca87e2e43') in 0.320574 seconds 
========================================================================
Received Import Request.
  Time since last request: 0.012119 seconds.
  path: Assets/M67/Scene
  artifactKey: Guid(aae2655618ab9ad4593810e41c38eb51) Importer(2089858483,0ecaa5967403d082aa24f35e1b516d23)
Start importing Assets/M67/Scene using Guid(aae2655618ab9ad4593810e41c38eb51) Importer(2089858483,0ecaa5967403d082aa24f35e1b516d23) Generated GUIDs only implemented for interfaces!
 -> (artifact id: '0ec3b522c744a4b6792e7e4a7b3d9813') in 0.015437 seconds 
========================================================================
Received Import Request.
  Time since last request: 0.000074 seconds.
  path: Assets/5JB_Ex3-MiniJeu/Scripts/UI_InteractionController.cs
  artifactKey: Guid(f15263cea1c2f064bb68234b01fcfce0) Importer(2089858483,0ecaa5967403d082aa24f35e1b516d23)
Start importing Assets/5JB_Ex3-MiniJeu/Scripts/UI_InteractionController.cs using Guid(f15263cea1c2f064bb68234b01fcfce0) Importer(2089858483,0ecaa5967403d082aa24f35e1b516d23) Generated GUIDs only implemented for interfaces!
 -> (artifact id: 'ea4db533ca03b5c57f30c09ff6728724') in 0.018051 seconds 
========================================================================
Received Import Request.
  Time since last request: 0.000066 seconds.
  path: Assets/5JB_Ex3-MiniJeu/Avatars/assets avatars/Materials/Watch.mat
  artifactKey: Guid(3105b294dcf151c4abe0f96fcff6b5b6) Importer(2089858483,0ecaa5967403d082aa24f35e1b516d23)
Start importing Assets/5JB_Ex3-MiniJeu/Avatars/assets avatars/Materials/Watch.mat using Guid(3105b294dcf151c4abe0f96fcff6b5b6) Importer(2089858483,0ecaa5967403d082aa24f35e1b516d23) Generated GUIDs only implemented for interfaces!
 -> (artifact id: 'b5713d14f91dfa57924f6ad10cc470d6') in 0.052482 seconds 
========================================================================
Received Import Request.
  Time since last request: 0.000053 seconds.
  path: Assets/M67/Models/M67 old.fbx
  artifactKey: Guid(76fa50113d7298a46906cf5933244bdb) Importer(2089858483,0ecaa5967403d082aa24f35e1b516d23)
Start importing Assets/M67/Models/M67 old.fbx using Guid(76fa50113d7298a46906cf5933244bdb) Importer(2089858483,0ecaa5967403d082aa24f35e1b516d23) Generated GUIDs only implemented for interfaces!
 -> (artifact id: '0000a0c5bd3d55cc8bb161e0d85a8f8c') in 0.208922 seconds 
========================================================================
Received Import Request.
  Time since last request: 0.000095 seconds.
  path: Assets/Samples/XR Interaction Toolkit/2.0.4/Starter Assets/XRI Default Right Controller.preset
  artifactKey: Guid(1421ad86ff3787b4dae70fe9e699a25f) Importer(2089858483,0ecaa5967403d082aa24f35e1b516d23)
Start importing Assets/Samples/XR Interaction Toolkit/2.0.4/Starter Assets/XRI Default Right Controller.preset using Guid(1421ad86ff3787b4dae70fe9e699a25f) Importer(2089858483,0ecaa5967403d082aa24f35e1b516d23) Generated GUIDs only implemented for interfaces!
 -> (artifact id: '0691042d8b253d9bd3ac4a690c4c7dec') in 0.028089 seconds 
========================================================================
Received Import Request.
  Time since last request: 0.000081 seconds.
  path: Assets/5JB_Ex3-MiniJeu/Scripts/VRKeyboardManager.cs
  artifactKey: Guid(b03ac94b01a26644391ceeaef86a3fc3) Importer(2089858483,0ecaa5967403d082aa24f35e1b516d23)
Start importing Assets/5JB_Ex3-MiniJeu/Scripts/VRKeyboardManager.cs using Guid(b03ac94b01a26644391ceeaef86a3fc3) Importer(2089858483,0ecaa5967403d082aa24f35e1b516d23) Generated GUIDs only implemented for interfaces!
 -> (artifact id: 'e3c62c3bc4c48aec1f1ee5c620cfc2e8') in 0.035574 seconds 
========================================================================
Received Import Request.
  Time since last request: 0.011888 seconds.
  path: Assets/3J3_AssetsJeu/Scenes/SceneTitre.unity
  artifactKey: Guid(1b4e47b54de0ab740acd7e3d6b7e281b) Importer(2089858483,0ecaa5967403d082aa24f35e1b516d23)
Start importing Assets/3J3_AssetsJeu/Scenes/SceneTitre.unity using Guid(1b4e47b54de0ab740acd7e3d6b7e281b) Importer(2089858483,0ecaa5967403d082aa24f35e1b516d23) Generated GUIDs only implemented for interfaces!
 -> (artifact id: '4c854dfb3180123c02c2b2f04e7a4f72') in 0.014430 seconds 
========================================================================
Received Import Request.
  Time since last request: 0.000126 seconds.
  path: Assets/M67/Models
  artifactKey: Guid(de7b7fae3e982af4faf4137bd971b37b) Importer(2089858483,0ecaa5967403d082aa24f35e1b516d23)
Start importing Assets/M67/Models using Guid(de7b7fae3e982af4faf4137bd971b37b) Importer(2089858483,0ecaa5967403d082aa24f35e1b516d23) Generated GUIDs only implemented for interfaces!
 -> (artifact id: '9ea30eaf5370e6cd2141176137a43aa4') in 0.014700 seconds 
========================================================================
Received Import Request.
  Time since last request: 0.000037 seconds.
  path: Assets/5JB_Ex3-MiniJeu/Scripts/ControleAvatar.cs
  artifactKey: Guid(26f22055ffb21c54d882d4cc43f26bf3) Importer(2089858483,0ecaa5967403d082aa24f35e1b516d23)
Start importing Assets/5JB_Ex3-MiniJeu/Scripts/ControleAvatar.cs using Guid(26f22055ffb21c54d882d4cc43f26bf3) Importer(2089858483,0ecaa5967403d082aa24f35e1b516d23) Generated GUIDs only implemented for interfaces!
 -> (artifact id: '27e5a0292c12fe94b525907c1d2eaf66') in 0.014142 seconds 
========================================================================
Received Import Request.
  Time since last request: 0.000040 seconds.
  path: Assets/Samples/XR Interaction Toolkit/2.0.4/Starter Assets/XRI Default Snap Turn.preset
  artifactKey: Guid(18697d253d848974aa7052cba872c9f0) Importer(2089858483,0ecaa5967403d082aa24f35e1b516d23)
Start importing Assets/Samples/XR Interaction Toolkit/2.0.4/Starter Assets/XRI Default Snap Turn.preset using Guid(18697d253d848974aa7052cba872c9f0) Importer(2089858483,0ecaa5967403d082aa24f35e1b516d23) Generated GUIDs only implemented for interfaces!
 -> (artifact id: '42909ffaf1de335f06975c701a6ac094') in 0.017143 seconds 
========================================================================
Received Import Request.
  Time since last request: 0.000034 seconds.
  path: Assets/M67/Textures/M67 modern
  artifactKey: Guid(0ac1ef1758e041646859806fb614f511) Importer(2089858483,0ecaa5967403d082aa24f35e1b516d23)
Start importing Assets/M67/Textures/M67 modern using Guid(0ac1ef1758e041646859806fb614f511) Importer(2089858483,0ecaa5967403d082aa24f35e1b516d23) Generated GUIDs only implemented for interfaces!
 -> (artifact id: 'c5ed95297d395c52f6ad97dc9d3fee8c') in 0.011441 seconds 
========================================================================
Received Import Request.
  Time since last request: 0.000041 seconds.
  path: Assets/3J3_AssetsJeu/Scenes/SceneGameOver.unity
  artifactKey: Guid(f66270e2107d2084cb86ed57372fa3b5) Importer(2089858483,0ecaa5967403d082aa24f35e1b516d23)
Start importing Assets/3J3_AssetsJeu/Scenes/SceneGameOver.unity using Guid(f66270e2107d2084cb86ed57372fa3b5) Importer(2089858483,0ecaa5967403d082aa24f35e1b516d23) Generated GUIDs only implemented for interfaces!
 -> (artifact id: '80e7093f93271b14dc3fd9fd648fa26f') in 0.011499 seconds 
========================================================================
Received Import Request.
  Time since last request: 0.000054 seconds.
  path: Assets/3J3_AssetsJeu/STYLIZED - FREE Drift Car/Materials/Cars_Material.mat
  artifactKey: Guid(b8ff3dbf2d1811b488591cfb25be7ad1) Importer(2089858483,0ecaa5967403d082aa24f35e1b516d23)
Start importing Assets/3J3_AssetsJeu/STYLIZED - FREE Drift Car/Materials/Cars_Material.mat using Guid(b8ff3dbf2d1811b488591cfb25be7ad1) Importer(2089858483,0ecaa5967403d082aa24f35e1b516d23) Generated GUIDs only implemented for interfaces!
 -> (artifact id: 'f9b356129ac5c4838b15f5ffe2fad4e2') in 0.031202 seconds 
========================================================================
Received Import Request.
  Time since last request: 0.000035 seconds.
  path: Assets/M67/Scene/Demo scene.unity
  artifactKey: Guid(16b58398848334049939707acbeb4f9a) Importer(2089858483,0ecaa5967403d082aa24f35e1b516d23)
Start importing Assets/M67/Scene/Demo scene.unity using Guid(16b58398848334049939707acbeb4f9a) Importer(2089858483,0ecaa5967403d082aa24f35e1b516d23) Generated GUIDs only implemented for interfaces!
 -> (artifact id: 'ce50fd422810a56d505eb120182acd9f') in 0.013420 seconds 
========================================================================
Received Import Request.
  Time since last request: 0.000031 seconds.
  path: Assets/M67/Textures
  artifactKey: Guid(07d49deb720c2b34b888e3489d37ad09) Importer(2089858483,0ecaa5967403d082aa24f35e1b516d23)
Start importing Assets/M67/Textures using Guid(07d49deb720c2b34b888e3489d37ad09) Importer(2089858483,0ecaa5967403d082aa24f35e1b516d23) Generated GUIDs only implemented for interfaces!
 -> (artifact id: '73e31e48de71f1826440efc3a2b75789') in 0.012509 seconds 
========================================================================
Received Import Request.
  Time since last request: 0.000039 seconds.
  path: Assets/M67/Textures/M67 old/M67 old_Metallic.png
  artifactKey: Guid(97dc6b523a5b7ae49a817e9ee88a4e36) Importer(2089858483,0ecaa5967403d082aa24f35e1b516d23)
Start importing Assets/M67/Textures/M67 old/M67 old_Metallic.png using Guid(97dc6b523a5b7ae49a817e9ee88a4e36) Importer(2089858483,0ecaa5967403d082aa24f35e1b516d23) Generated GUIDs only implemented for interfaces!
 -> (artifact id: '170e4f0c45ba91219efa63379683e0b7') in 0.311658 seconds 
========================================================================
Received Import Request.
  Time since last request: 0.000064 seconds.
  path: Assets/Samples/XR Interaction Toolkit/2.0.4/Starter Assets/XRI Default Input Actions.inputactions
  artifactKey: Guid(c348712bda248c246b8c49b3db54643f) Importer(2089858483,0ecaa5967403d082aa24f35e1b516d23)
Start importing Assets/Samples/XR Interaction Toolkit/2.0.4/Starter Assets/XRI Default Input Actions.inputactions using Guid(c348712bda248c246b8c49b3db54643f) Importer(2089858483,0ecaa5967403d082aa24f35e1b516d23) Generated GUIDs only implemented for interfaces!
 -> (artifact id: '4a67b9952926007fe13f803a8f88f16f') in 0.128078 seconds 
========================================================================
Received Import Request.
  Time since last request: 0.000055 seconds.
  path: Assets/M67/Materials
  artifactKey: Guid(9b46a44fd69761b43beb599e5da29d0d) Importer(2089858483,0ecaa5967403d082aa24f35e1b516d23)
Start importing Assets/M67/Materials using Guid(9b46a44fd69761b43beb599e5da29d0d) Importer(2089858483,0ecaa5967403d082aa24f35e1b516d23) Generated GUIDs only implemented for interfaces!
 -> (artifact id: '5f7c201b58df0aaa232b220a9ed97ac3') in 0.012237 seconds 
========================================================================
Received Import Request.
  Time since last request: 0.000044 seconds.
  path: Assets/3J3_AssetsJeu/Scenes/SceneJeu/Global Volume Profile.asset
  artifactKey: Guid(c036f0d76e6d68441b5409df076aac12) Importer(2089858483,0ecaa5967403d082aa24f35e1b516d23)
Start importing Assets/3J3_AssetsJeu/Scenes/SceneJeu/Global Volume Profile.asset using Guid(c036f0d76e6d68441b5409df076aac12) Importer(2089858483,0ecaa5967403d082aa24f35e1b516d23) Generated GUIDs only implemented for interfaces!
 -> (artifact id: '357f89cbd11b93038c1d853e4b6a0596') in 0.018689 seconds 
========================================================================
Received Import Request.
  Time since last request: 0.000042 seconds.
  path: Assets/5JB_Ex3-MiniJeu/Scripts/GestionRayonTracteur.cs
  artifactKey: Guid(c9c29de64c6d912448b6c3fdab65ad4c) Importer(2089858483,0ecaa5967403d082aa24f35e1b516d23)
Start importing Assets/5JB_Ex3-MiniJeu/Scripts/GestionRayonTracteur.cs using Guid(c9c29de64c6d912448b6c3fdab65ad4c) Importer(2089858483,0ecaa5967403d082aa24f35e1b516d23) Generated GUIDs only implemented for interfaces!
 -> (artifact id: '5803218b42cccfe680360c1df213af3f') in 0.013218 seconds 
========================================================================
Received Import Request.
  Time since last request: 0.000322 seconds.
  path: Assets/5JB_Ex3-MiniJeu/Scripts
  artifactKey: Guid(1402e45b6c68c1c4b81102d520cd2e9d) Importer(2089858483,0ecaa5967403d082aa24f35e1b516d23)
Start importing Assets/5JB_Ex3-MiniJeu/Scripts using Guid(1402e45b6c68c1c4b81102d520cd2e9d) Importer(2089858483,0ecaa5967403d082aa24f35e1b516d23) Generated GUIDs only implemented for interfaces!
 -> (artifact id: 'd5eb07d83942c05718e8c8e72d4d1edc') in 0.047840 seconds 
========================================================================
Received Import Request.
  Time since last request: 0.000489 seconds.
  path: Assets/M67
  artifactKey: Guid(45be9d646dcf7b44298ac9c9f9b127a1) Importer(2089858483,0ecaa5967403d082aa24f35e1b516d23)
Start importing Assets/M67 using Guid(45be9d646dcf7b44298ac9c9f9b127a1) Importer(2089858483,0ecaa5967403d082aa24f35e1b516d23) Generated GUIDs only implemented for interfaces!
 -> (artifact id: '0c4bef46af6ed71011fd279cf358841c') in 0.015320 seconds 
========================================================================
Received Import Request.
  Time since last request: 0.000046 seconds.
  path: Assets/3J3_AssetsJeu/_Ressources(Ne pas effacer)/Water/Water/Materials/WaterProDaytime.mat
  artifactKey: Guid(7350b65a6431f604a8496c39db1ac9c5) Importer(2089858483,0ecaa5967403d082aa24f35e1b516d23)
Start importing Assets/3J3_AssetsJeu/_Ressources(Ne pas effacer)/Water/Water/Materials/WaterProDaytime.mat using Guid(7350b65a6431f604a8496c39db1ac9c5) Importer(2089858483,0ecaa5967403d082aa24f35e1b516d23) Generated GUIDs only implemented for interfaces!
 -> (artifact id: 'b2134f2e21ea7da4e4d03e36f9d7fbf7') in 0.037388 seconds 
========================================================================
Received Import Request.
  Time since last request: 0.000065 seconds.
  path: Assets/M67/Textures/M67 old/M67 old_Base color.png
  artifactKey: Guid(ec827f39b6e8a374f9d4bd03b408f278) Importer(2089858483,0ecaa5967403d082aa24f35e1b516d23)
Start importing Assets/M67/Textures/M67 old/M67 old_Base color.png using Guid(ec827f39b6e8a374f9d4bd03b408f278) Importer(2089858483,0ecaa5967403d082aa24f35e1b516d23) Generated GUIDs only implemented for interfaces!
 -> (artifact id: '5428552fa215feccb741100e0faa7b31') in 0.388627 seconds 
========================================================================
Received Import Request.
  Time since last request: 0.000052 seconds.
  path: Assets/3J3_AssetsJeu/Scripts/DeplacementSubaru.cs
  artifactKey: Guid(cd12ee4b4833ddf4290616c509b2a054) Importer(2089858483,0ecaa5967403d082aa24f35e1b516d23)
Start importing Assets/3J3_AssetsJeu/Scripts/DeplacementSubaru.cs using Guid(cd12ee4b4833ddf4290616c509b2a054) Importer(2089858483,0ecaa5967403d082aa24f35e1b516d23) Generated GUIDs only implemented for interfaces!
 -> (artifact id: 'cf366b265710b5d8629eb01ecb344a96') in 0.017766 seconds 
========================================================================
Received Import Request.
  Time since last request: 0.000034 seconds.
  path: Assets/M67/Textures/M67 old
  artifactKey: Guid(5625c0dbf669a504c95fecff00888a75) Importer(2089858483,0ecaa5967403d082aa24f35e1b516d23)
Start importing Assets/M67/Textures/M67 old using Guid(5625c0dbf669a504c95fecff00888a75) Importer(2089858483,0ecaa5967403d082aa24f35e1b516d23) Generated GUIDs only implemented for interfaces!
 -> (artifact id: '9bf9dc329f9dedbbde587e82094da57b') in 0.014411 seconds 
========================================================================
Received Import Request.
  Time since last request: 0.000032 seconds.
  path: Assets/Samples/XR Interaction Toolkit/2.0.4/Starter Assets/XRI Default Continuous Turn.preset
  artifactKey: Guid(0caad3af14f9a414dbdf25ed41e5aa47) Importer(2089858483,0ecaa5967403d082aa24f35e1b516d23)
Start importing Assets/Samples/XR Interaction Toolkit/2.0.4/Starter Assets/XRI Default Continuous Turn.preset using Guid(0caad3af14f9a414dbdf25ed41e5aa47) Importer(2089858483,0ecaa5967403d082aa24f35e1b516d23) Generated GUIDs only implemented for interfaces!
 -> (artifact id: '3e19a5a8dd94b9da6f389b69dd1c9b91') in 0.083370 seconds 
========================================================================
Received Import Request.
  Time since last request: 0.001713 seconds.
  path: Assets/5JB_Ex3-MiniJeu/Scripts/ActionBasedControllerManager.cs
  artifactKey: Guid(07945906ef0017048a6b3e45679310c0) Importer(2089858483,0ecaa5967403d082aa24f35e1b516d23)
Start importing Assets/5JB_Ex3-MiniJeu/Scripts/ActionBasedControllerManager.cs using Guid(07945906ef0017048a6b3e45679310c0) Importer(2089858483,0ecaa5967403d082aa24f35e1b516d23) Generated GUIDs only implemented for interfaces!
 -> (artifact id: 'c151ed4649843c7e5187dbfd06736038') in 0.015354 seconds 
========================================================================
Received Import Request.
  Time since last request: 0.000069 seconds.
  path: Assets/M67/Textures/M67 modern/M67 modern_Base color.png
  artifactKey: Guid(1c29086a82f327048a9cb3033a6096f0) Importer(2089858483,0ecaa5967403d082aa24f35e1b516d23)
Start importing Assets/M67/Textures/M67 modern/M67 modern_Base color.png using Guid(1c29086a82f327048a9cb3033a6096f0) Importer(2089858483,0ecaa5967403d082aa24f35e1b516d23) Generated GUIDs only implemented for interfaces!
 -> (artifact id: '069bef6e31bac7e56a4954f0ef436cc0') in 0.324355 seconds 
========================================================================
Received Import Request.
  Time since last request: 0.000062 seconds.
  path: Assets/M67/Textures/M67 modern/M67 modern_AO.png
  artifactKey: Guid(1436afd5a4a3189498064505eb320d70) Importer(2089858483,0ecaa5967403d082aa24f35e1b516d23)
Start importing Assets/M67/Textures/M67 modern/M67 modern_AO.png using Guid(1436afd5a4a3189498064505eb320d70) Importer(2089858483,0ecaa5967403d082aa24f35e1b516d23) Generated GUIDs only implemented for interfaces!
 -> (artifact id: '0e83e2aea1f6b7c79ca6fd007e89f159') in 0.346045 seconds 
========================================================================
Received Import Request.
  Time since last request: 0.010521 seconds.
  path: Assets/M67/Prefabs/M67 modren Variant.prefab
  artifactKey: Guid(9560cfe478da148459867aa2c651f985) Importer(2089858483,0ecaa5967403d082aa24f35e1b516d23)
Start importing Assets/M67/Prefabs/M67 modren Variant.prefab using Guid(9560cfe478da148459867aa2c651f985) Importer(2089858483,0ecaa5967403d082aa24f35e1b516d23) Generated GUIDs only implemented for interfaces!
 -> (artifact id: '30f9dcadc71451b35d5b8a0e541ad869') in 0.034568 seconds 
========================================================================
Received Import Request.
  Time since last request: 0.000077 seconds.
  path: Assets/M67/Textures/M67 modern/M67 modern_Normal.png
  artifactKey: Guid(1d928576504df3a4eb76df5c21d53d80) Importer(2089858483,0ecaa5967403d082aa24f35e1b516d23)
Start importing Assets/M67/Textures/M67 modern/M67 modern_Normal.png using Guid(1d928576504df3a4eb76df5c21d53d80) Importer(2089858483,0ecaa5967403d082aa24f35e1b516d23) Generated GUIDs only implemented for interfaces!
 -> (artifact id: '7e280ddfd1af023b59b594b1a69c2d90') in 0.676481 seconds 
========================================================================
Received Import Request.
  Time since last request: 0.000054 seconds.
  path: Assets/5JB_Ex3-MiniJeu/Scripts/sceneloader.cs
  artifactKey: Guid(6c7fbcff4b4915e48bcdd248e6d21e53) Importer(2089858483,0ecaa5967403d082aa24f35e1b516d23)
Start importing Assets/5JB_Ex3-MiniJeu/Scripts/sceneloader.cs using Guid(6c7fbcff4b4915e48bcdd248e6d21e53) Importer(2089858483,0ecaa5967403d082aa24f35e1b516d23) Generated GUIDs only implemented for interfaces!
 -> (artifact id: 'e1f2f7a79d3664dc953412808bfdc92c') in 0.016759 seconds 
========================================================================
Received Import Request.
  Time since last request: 0.000092 seconds.
  path: Assets/3J3_AssetsJeu/New Terrain.asset
  artifactKey: Guid(a09293647591f964d9a6e568d4210fa8) Importer(2089858483,0ecaa5967403d082aa24f35e1b516d23)
Start importing Assets/3J3_AssetsJeu/New Terrain.asset using Guid(a09293647591f964d9a6e568d4210fa8) Importer(2089858483,0ecaa5967403d082aa24f35e1b516d23) Generated GUIDs only implemented for interfaces!
 -> (artifact id: 'f472d023f5a930f8ecbf362359dc96d7') in 0.048890 seconds 
========================================================================
Received Import Request.
  Time since last request: 0.000046 seconds.
  path: Assets/3J3_AssetsJeu/Scripts/ChangementScene.cs
  artifactKey: Guid(0417edbb3eeac2d43900b92af7c7926f) Importer(2089858483,0ecaa5967403d082aa24f35e1b516d23)
Start importing Assets/3J3_AssetsJeu/Scripts/ChangementScene.cs using Guid(0417edbb3eeac2d43900b92af7c7926f) Importer(2089858483,0ecaa5967403d082aa24f35e1b516d23) Generated GUIDs only implemented for interfaces!
 -> (artifact id: '259b40176cfd498aead7787176826f24') in 0.015382 seconds 
========================================================================
Received Import Request.
  Time since last request: 0.000048 seconds.
  path: Assets/M67/Models/M67 modren.fbx
  artifactKey: Guid(26da5e3e1e761274dbcfac995de81076) Importer(2089858483,0ecaa5967403d082aa24f35e1b516d23)
Start importing Assets/M67/Models/M67 modren.fbx using Guid(26da5e3e1e761274dbcfac995de81076) Importer(2089858483,0ecaa5967403d082aa24f35e1b516d23) Generated GUIDs only implemented for interfaces!
 -> (artifact id: '91c19f8fa9ce6aa2e70e0d855a32407b') in 0.052602 seconds 
========================================================================
Received Import Request.
  Time since last request: 0.000056 seconds.
  path: Assets/3J3_AssetsJeu/Scenes/SceneJeu/VolumeMatin Profile.asset
  artifactKey: Guid(b42f5b526b06e2249ac8c6a142154a2b) Importer(2089858483,0ecaa5967403d082aa24f35e1b516d23)
Start importing Assets/3J3_AssetsJeu/Scenes/SceneJeu/VolumeMatin Profile.asset using Guid(b42f5b526b06e2249ac8c6a142154a2b) Importer(2089858483,0ecaa5967403d082aa24f35e1b516d23) Generated GUIDs only implemented for interfaces!
 -> (artifact id: '2e167b939e7daaa90154300e92d9eab8') in 0.045019 seconds 
========================================================================
Received Import Request.
  Time since last request: 0.000067 seconds.
  path: Assets/Samples/XR Interaction Toolkit/2.0.4/Starter Assets/XRI Default Continuous Move.preset
  artifactKey: Guid(91f9da00cfdac5d49955df2d2d820b9c) Importer(2089858483,0ecaa5967403d082aa24f35e1b516d23)
Start importing Assets/Samples/XR Interaction Toolkit/2.0.4/Starter Assets/XRI Default Continuous Move.preset using Guid(91f9da00cfdac5d49955df2d2d820b9c) Importer(2089858483,0ecaa5967403d082aa24f35e1b516d23) Generated GUIDs only implemented for interfaces!
 -> (artifact id: '8a06eb1fa20b199575f6f3bef69a6c85') in 0.024205 seconds 
========================================================================
Received Import Request.
  Time since last request: 5.154146 seconds.
  path: Assets/3J3_AssetsJeu/_Ressources(Ne pas effacer)/Skybox/sky5X/sky5X_textures/skyX55-z.png
  artifactKey: Guid(e2ce5778752037c4fa3c5c4cacf95e6b) Importer(815301076,1909f56bfc062723c751e8b465ee728b)
Start importing Assets/3J3_AssetsJeu/_Ressources(Ne pas effacer)/Skybox/sky5X/sky5X_textures/skyX55-z.png using Guid(e2ce5778752037c4fa3c5c4cacf95e6b) Importer(815301076,1909f56bfc062723c751e8b465ee728b)  -> (artifact id: 'e8eee30c478aded840a3b5bbc4b4f8e3') in 0.080892 seconds 
========================================================================
Received Import Request.
  Time since last request: 0.000037 seconds.
  path: Assets/3J3_AssetsJeu/_Ressources(Ne pas effacer)/Skybox/sky5X/sky5X_textures/skyX55-y.png
  artifactKey: Guid(b273d9055534d614ba3ac223c936edf7) Importer(815301076,1909f56bfc062723c751e8b465ee728b)
Start importing Assets/3J3_AssetsJeu/_Ressources(Ne pas effacer)/Skybox/sky5X/sky5X_textures/skyX55-y.png using Guid(b273d9055534d614ba3ac223c936edf7) Importer(815301076,1909f56bfc062723c751e8b465ee728b)  -> (artifact id: '04374906df4599c16870b4e55a7d2713') in 0.133884 seconds 
========================================================================
Received Import Request.
  Time since last request: 0.000052 seconds.
  path: Assets/3J3_AssetsJeu/_Ressources(Ne pas effacer)/Skybox/sky5X/sky5X_textures/skyX55-x.png
  artifactKey: Guid(ee75a47af7dfc8c4e85e33e7aaa8ba60) Importer(815301076,1909f56bfc062723c751e8b465ee728b)
Start importing Assets/3J3_AssetsJeu/_Ressources(Ne pas effacer)/Skybox/sky5X/sky5X_textures/skyX55-x.png using Guid(ee75a47af7dfc8c4e85e33e7aaa8ba60) Importer(815301076,1909f56bfc062723c751e8b465ee728b)  -> (artifact id: '354d7b2e5c20145b7ac0ca87d2c8b4b9') in 0.039384 seconds 
========================================================================
Received Import Request.
  Time since last request: 0.000047 seconds.
  path: Assets/3J3_AssetsJeu/_Ressources(Ne pas effacer)/Skybox/sky5X/sky5X_textures/skyX55+x.png
  artifactKey: Guid(232cafca09df5b7429ae8cec73c148bf) Importer(815301076,1909f56bfc062723c751e8b465ee728b)
Start importing Assets/3J3_AssetsJeu/_Ressources(Ne pas effacer)/Skybox/sky5X/sky5X_textures/skyX55+x.png using Guid(232cafca09df5b7429ae8cec73c148bf) Importer(815301076,1909f56bfc062723c751e8b465ee728b)  -> (artifact id: 'd7f2be050724f54427f85dd14b2dc3e0') in 0.030863 seconds 
========================================================================
Received Prepare
Refreshing native plugins compatible for Editor in 8.49 ms, found 6 plugins.
Preloading 1 native plugins for Editor in 0.08 ms.
Unloading 26 Unused Serialized files (Serialized files now loaded: 0)
Unloading 26 unused Assets / (23.0 KB). Loaded Objects now: 6584.
Memory consumption went from 139.6 MB to 139.6 MB.
Total: 7.280100 ms (FindLiveObjects: 0.723200 ms CreateObjectMapping: 0.410100 ms MarkObjects: 6.103400 ms  DeleteObjects: 0.042400 ms)

AssetImportParameters requested are different than current active one (requested -> active):
  custom:video-decoder-ogg-theora: a1e56fd34408186e4bbccfd4996cb3dc -> 
  custom:container-muxer-webm: aa71ff27fc2769a1b78a27578f13a17b -> 
  custom:container-demuxer-webm: 4f35f7cbe854078d1ac9338744f61a02 -> 
  custom:video-encoder-webm-vp8: eb34c28f22e8b96e1ab97ce403110664 -> 
  custom:audio-encoder-webm-vorbis: bf7c407c2cedff20999df2af8eb42d56 -> 
  custom:framework-win-MediaFoundation: 216162199b28c13a410421893ffa2e32 -> 
  custom:SearchIndexIgnoredProperties: e643bd26f0fe6173181afceb89e7c659 -> 
  custom:container-demuxer-ogg: 62fdf1f143b41e24485cea50d1cbac27 -> 
  custom:video-decoder-webm-vp8: 9c59270c3fd7afecdb556c50c9e8de78 -> 
  custom:audio-decoder-ogg-vorbis: bf7c407c2cedff20999df2af8eb42d56 -> 
Editor requested this worker to shutdown with reason: Scaling down because of idle timeout
AssetImportWorker is now disconnected from the server
Process exiting
Exiting without the bug reporter. Application will terminate with return code 0