Using pre-set license
Built from '2022.1/staging' branch; Version is '2022.1.12f1 (916d9c03b898) revision 9530780'; Using compiler version '192829333'; Build Type 'Release'
OS: 'Windows 10  (10.0.19044) 64bit Education' Language: 'fr' Physical Memory: 32481 MB
BatchMode: 1, IsHumanControllingUs: 0, StartBugReporterOnCrash: 0, Is64bit: 1, IsPro: 1

COMMAND LINE ARGUMENTS:
C:\Program Files\Unity 2022.1.12f1\Editor\Unity.exe
-adb2
-batchMode
-noUpm
-name
AssetImportWorker7
-projectPath
D:/College Work 5/5JB - Exp/Hoang-Kevin_Arsenault-Zackary_TP
-logFile
Logs/AssetImportWorker7.log
-srvPort
53471
Successfully changed project path to: D:/College Work 5/5JB - Exp/Hoang-Kevin_Arsenault-Zackary_TP
D:/College Work 5/5JB - Exp/Hoang-Kevin_Arsenault-Zackary_TP
[UnityMemory] Configuration Parameters - Can be set up in boot.config
    "memorysetup-bucket-allocator-granularity=16"
    "memorysetup-bucket-allocator-bucket-count=8"
    "memorysetup-bucket-allocator-block-size=33554432"
    "memorysetup-bucket-allocator-block-count=8"
    "memorysetup-main-allocator-block-size=16777216"
    "memorysetup-thread-allocator-block-size=16777216"
    "memorysetup-gfx-main-allocator-block-size=16777216"
    "memorysetup-gfx-thread-allocator-block-size=16777216"
    "memorysetup-cache-allocator-block-size=4194304"
    "memorysetup-typetree-allocator-block-size=2097152"
    "memorysetup-profiler-bucket-allocator-granularity=16"
    "memorysetup-profiler-bucket-allocator-bucket-count=8"
    "memorysetup-profiler-bucket-allocator-block-size=33554432"
    "memorysetup-profiler-bucket-allocator-block-count=8"
    "memorysetup-profiler-allocator-block-size=16777216"
    "memorysetup-profiler-editor-allocator-block-size=1048576"
    "memorysetup-temp-allocator-size-main=16777216"
    "memorysetup-job-temp-allocator-block-size=2097152"
    "memorysetup-job-temp-allocator-block-size-background=1048576"
    "memorysetup-job-temp-allocator-reduction-small-platforms=262144"
    "memorysetup-temp-allocator-size-background-worker=32768"
    "memorysetup-temp-allocator-size-job-worker=262144"
    "memorysetup-temp-allocator-size-preload-manager=33554432"
    "memorysetup-temp-allocator-size-nav-mesh-worker=65536"
    "memorysetup-temp-allocator-size-audio-worker=65536"
    "memorysetup-temp-allocator-size-cloud-worker=32768"
    "memorysetup-temp-allocator-size-gi-baking-worker=262144"
    "memorysetup-temp-allocator-size-gfx=262144"
Refreshing native plugins compatible for Editor in 114.52 ms, found 6 plugins.
Preloading 1 native plugins for Editor in 0.91 ms.
Initialize engine version: 2022.1.12f1 (916d9c03b898)
[Subsystems] Discovering subsystems at path C:/Program Files/Unity 2022.1.12f1/Editor/Data/Resources/UnitySubsystems
[Subsystems] Discovering subsystems at path D:/College Work 5/5JB - Exp/Hoang-Kevin_Arsenault-Zackary_TP/Assets
GfxDevice: creating device client; threaded=0; jobified=0
Direct3D:
    Version:  Direct3D 11.0 [level 11.1]
    Renderer: NVIDIA GeForce RTX 3070 (ID=0x2488)
    Vendor:   NVIDIA
    VRAM:     8043 MB
    Driver:   30.0.15.1215
Initialize mono
Mono path[0] = 'C:/Program Files/Unity 2022.1.12f1/Editor/Data/Managed'
Mono path[1] = 'C:/Program Files/Unity 2022.1.12f1/Editor/Data/MonoBleedingEdge/lib/mono/unityjit-win32'
Mono config path = 'C:/Program Files/Unity 2022.1.12f1/Editor/Data/MonoBleedingEdge/etc'
Using monoOptions --debugger-agent=transport=dt_socket,embedding=1,server=y,suspend=n,address=127.0.0.1:56476
Begin MonoManager ReloadAssembly
Registering precompiled unity dll's ...
Register platform support module: C:/Program Files/Unity 2022.1.12f1/Editor/Data/PlaybackEngines/WebGLSupport/UnityEditor.WebGL.Extensions.dll
Register platform support module: C:/Program Files/Unity 2022.1.12f1/Editor/Data/PlaybackEngines/MacStandaloneSupport/UnityEditor.OSXStandalone.Extensions.dll
Register platform support module: C:/Program Files/Unity 2022.1.12f1/Editor/Data/PlaybackEngines/AndroidPlayer/UnityEditor.Android.Extensions.dll
Register platform support module: C:/Program Files/Unity 2022.1.12f1/Editor/Data/PlaybackEngines/WindowsStandaloneSupport/UnityEditor.WindowsStandalone.Extensions.dll
Register platform support module: C:/Program Files/Unity 2022.1.12f1/Editor/Data/PlaybackEngines/MetroSupport/UnityEditor.UWP.Extensions.dll
Registered in 0.010191 seconds.
Native extension for UWP target not found
Native extension for WindowsStandalone target not found
Native extension for Android target not found
Native extension for OSXStandalone target not found
Native extension for WebGL target not found
Refreshing native plugins compatible for Editor in 127.90 ms, found 6 plugins.
Preloading 1 native plugins for Editor in 0.05 ms.
Mono: successfully reloaded assembly
- Completed reload, in  0.745 seconds
Domain Reload Profiling:
	ReloadAssembly (746ms)
		BeginReloadAssembly (88ms)
			ExecutionOrderSort (0ms)
			DisableScriptedObjects (0ms)
			BackupInstance (0ms)
			ReleaseScriptingObjects (0ms)
			CreateAndSetChildDomain (1ms)
		EndReloadAssembly (538ms)
			LoadAssemblies (83ms)
			RebuildTransferFunctionScriptingTraits (0ms)
			SetupTypeCache (127ms)
				TypeCache.Initialize (126ms)
					TypeCache.ScanAssembly (123ms)
				ResolveRequiredComponents (1ms)
			ReleaseScriptCaches (0ms)
			RebuildScriptCaches (26ms)
			SetupLoadedEditorAssemblies (327ms)
				LogAssemblyErrors (0ms)
				InitializePlatformSupportModulesInManaged (49ms)
				SetLoadedEditorAssemblies (6ms)
				RefreshPlugins (128ms)
				BeforeProcessingInitializeOnLoad (1ms)
				ProcessInitializeOnLoadAttributes (104ms)
				ProcessInitializeOnLoadMethodAttributes (39ms)
				AfterProcessingInitializeOnLoad (0ms)
				EditorAssembliesLoaded (0ms)
			ExecutionOrderSort2 (0ms)
			AwakeInstancesAfterBackupRestoration (0ms)
Platform modules already initialized, skipping
Registering precompiled user dll's ...
Registered in 0.007181 seconds.
Begin MonoManager ReloadAssembly
Symbol file LoadedFromMemory doesn't match image D:\College Work 5\5JB - Exp\Hoang-Kevin_Arsenault-Zackary_TP\Library\PackageCache\com.unity.visualscripting@1.7.8\Editor\VisualScripting.Core\Dependencies\YamlDotNet\Unity.VisualScripting.YamlDotNet.dll
Symbol file LoadedFromMemory doesn't match image D:\College Work 5\5JB - Exp\Hoang-Kevin_Arsenault-Zackary_TP\Library\PackageCache\com.unity.visualscripting@1.7.8\Editor\VisualScripting.Core\Dependencies\DotNetZip\Unity.VisualScripting.IonicZip.dll
Native extension for UWP target not found
Native extension for WindowsStandalone target not found
Native extension for Android target not found
Native extension for OSXStandalone target not found
Native extension for WebGL target not found
Refreshing native plugins compatible for Editor in 105.01 ms, found 6 plugins.
Preloading 1 native plugins for Editor in 0.05 ms.
Package Manager log level set to [2]
[Package Manager] Server::EnsureServerProcessIsRunning -- launch failed, reason: Unity was launched with the -noUpm command-line argument
[Package Manager] UpmClient::Send -- Unable to send message (not connected to UPM process).
[Package Manager] Cannot connect to Unity Package Manager local server
System.Reflection.TargetInvocationException: Exception has been thrown by the target of an invocation. ---> System.NullReferenceException: Object reference not set to an instance of an object
  at Unity.XR.Oculus.OculusLoader.AssetPathToAbsolutePath (System.String assetPath) [0x0003d] in D:\College Work 5\5JB - Exp\Hoang-Kevin_Arsenault-Zackary_TP\Library\PackageCache\com.unity.xr.oculus@3.0.2\Runtime\OculusLoader.cs:271 
  at Unity.XR.Oculus.OculusLoader.EditorLoadOVRPlugin () [0x0007b] in D:\College Work 5\5JB - Exp\Hoang-Kevin_Arsenault-Zackary_TP\Library\PackageCache\com.unity.xr.oculus@3.0.2\Runtime\OculusLoader.cs:256 
  at (wrapper managed-to-native) System.Reflection.RuntimeMethodInfo.InternalInvoke(System.Reflection.RuntimeMethodInfo,object,object[],System.Exception&)
  at System.Reflection.RuntimeMethodInfo.Invoke (System.Object obj, System.Reflection.BindingFlags invokeAttr, System.Reflection.Binder binder, System.Object[] parameters, System.Globalization.CultureInfo culture) [0x0006a] in <f3aec01a34d14c7080754e28743c8472>:0 
   --- End of inner exception stack trace ---
  at System.Reflection.RuntimeMethodInfo.Invoke (System.Object obj, System.Reflection.BindingFlags invokeAttr, System.Reflection.Binder binder, System.Object[] parameters, System.Globalization.CultureInfo culture) [0x00083] in <f3aec01a34d14c7080754e28743c8472>:0 
  at System.Reflection.MethodBase.Invoke (System.Object obj, System.Object[] parameters) [0x00000] in <f3aec01a34d14c7080754e28743c8472>:0 
  at UnityEditor.EditorAssemblies.ProcessInitializeOnLoadMethodAttributes () [0x000a5] in <a01bf2e497e84ae285aeb97a3052e6cc>:0 
UnityEngine.StackTraceUtility:ExtractStackTrace ()
UnityEngine.DebugLogHandler:LogFormat (UnityEngine.LogType,UnityEngine.Object,string,object[])
UnityEngine.Logger:Log (UnityEngine.LogType,object)
UnityEngine.Debug:LogError (object)
UnityEditor.EditorAssemblies:ProcessInitializeOnLoadMethodAttributes ()

Mono: successfully reloaded assembly
[Package Manager] Server::EnsureServerProcessIsRunning -- launch failed, reason: Unity was launched with the -noUpm command-line argument
[Package Manager] UpmClient::Send -- Unable to send message (not connected to UPM process).
[Package Manager] Cannot connect to Unity Package Manager local server
[Package Manager] Server::EnsureServerProcessIsRunning -- launch failed, reason: Unity was launched with the -noUpm command-line argument
[Package Manager] UpmClient::Send -- Unable to send message (not connected to UPM process).
[Package Manager] Cannot connect to Unity Package Manager local server
- Completed reload, in  5.794 seconds
Domain Reload Profiling:
	ReloadAssembly (5795ms)
		BeginReloadAssembly (101ms)
			ExecutionOrderSort (0ms)
			DisableScriptedObjects (4ms)
			BackupInstance (0ms)
			ReleaseScriptingObjects (0ms)
			CreateAndSetChildDomain (18ms)
		EndReloadAssembly (5573ms)
			LoadAssemblies (3247ms)
			RebuildTransferFunctionScriptingTraits (0ms)
			SetupTypeCache (714ms)
				TypeCache.Initialize (703ms)
					TypeCache.ScanAssembly (699ms)
				ResolveRequiredComponents (11ms)
			ReleaseScriptCaches (1ms)
			RebuildScriptCaches (62ms)
			SetupLoadedEditorAssemblies (1510ms)
				LogAssemblyErrors (0ms)
				InitializePlatformSupportModulesInManaged (15ms)
				SetLoadedEditorAssemblies (4ms)
				RefreshPlugins (105ms)
				BeforeProcessingInitializeOnLoad (96ms)
				ProcessInitializeOnLoadAttributes (358ms)
				ProcessInitializeOnLoadMethodAttributes (923ms)
				AfterProcessingInitializeOnLoad (7ms)
				EditorAssembliesLoaded (0ms)
			ExecutionOrderSort2 (0ms)
			AwakeInstancesAfterBackupRestoration (5ms)
Platform modules already initialized, skipping
========================================================================
Worker process is ready to serve import requests
Launched and connected shader compiler UnityShaderCompiler.exe after 0.04 seconds
Refreshing native plugins compatible for Editor in 1.12 ms, found 6 plugins.
Preloading 1 native plugins for Editor in 0.05 ms.
Unloading 5981 Unused Serialized files (Serialized files now loaded: 0)
Unloading 36 unused Assets / (65.0 KB). Loaded Objects now: 6459.
Memory consumption went from 0.93 GB to 0.93 GB.
Total: 3.827800 ms (FindLiveObjects: 0.514500 ms CreateObjectMapping: 0.561200 ms MarkObjects: 2.642700 ms  DeleteObjects: 0.108500 ms)

AssetImportParameters requested are different than current active one (requested -> active):
  custom:video-decoder-ogg-theora: a1e56fd34408186e4bbccfd4996cb3dc -> 
  custom:container-muxer-webm: aa71ff27fc2769a1b78a27578f13a17b -> 
  custom:container-demuxer-webm: 4f35f7cbe854078d1ac9338744f61a02 -> 
  custom:video-encoder-webm-vp8: eb34c28f22e8b96e1ab97ce403110664 -> 
  custom:audio-encoder-webm-vorbis: bf7c407c2cedff20999df2af8eb42d56 -> 
  custom:framework-win-MediaFoundation: 216162199b28c13a410421893ffa2e32 -> 
  custom:container-demuxer-ogg: 62fdf1f143b41e24485cea50d1cbac27 -> 
  custom:video-decoder-webm-vp8: 9c59270c3fd7afecdb556c50c9e8de78 -> 
  custom:audio-decoder-ogg-vorbis: bf7c407c2cedff20999df2af8eb42d56 -> 
========================================================================
Received Import Request.
  Time since last request: 211475.979186 seconds.
  path: Packages/com.unity.render-pipelines.core/Runtime/Debugging/Prefabs/Fonts/PerfectDOSVGA437.ttf
  artifactKey: Guid(74a5091d8707f334b9a5c31ef71a64ba) Importer(815301076,1909f56bfc062723c751e8b465ee728b)
Start importing Packages/com.unity.render-pipelines.core/Runtime/Debugging/Prefabs/Fonts/PerfectDOSVGA437.ttf using Guid(74a5091d8707f334b9a5c31ef71a64ba) Importer(815301076,1909f56bfc062723c751e8b465ee728b)  -> (artifact id: 'c1eb7cf42e80fb3ae59a3cb395d275e0') in 0.268959 seconds 
========================================================================
Received Import Request.
  Time since last request: 0.028564 seconds.
  path: Assets/3J3_AssetsJeu/TexturesTerrainAvecNormalMap/Materials - Forest Grounds/ground - Bark Chips.mat
  artifactKey: Guid(3196b116b4a0c504db1f08a0c88038e1) Importer(815301076,1909f56bfc062723c751e8b465ee728b)
Start importing Assets/3J3_AssetsJeu/TexturesTerrainAvecNormalMap/Materials - Forest Grounds/ground - Bark Chips.mat using Guid(3196b116b4a0c504db1f08a0c88038e1) Importer(815301076,1909f56bfc062723c751e8b465ee728b)  -> (artifact id: '8d0c89d625f83b5d4f6c8e2784692940') in 0.414324 seconds 
========================================================================
Received Import Request.
  Time since last request: 0.000031 seconds.
  path: Assets/3J3_AssetsJeu/TexturesTerrainAvecNormalMap/Materials - Forest Grounds/ground - Dry Earth Dry Grass.mat
  artifactKey: Guid(ac61e86e1e2d6be489c9a5311f4a6435) Importer(815301076,1909f56bfc062723c751e8b465ee728b)
Start importing Assets/3J3_AssetsJeu/TexturesTerrainAvecNormalMap/Materials - Forest Grounds/ground - Dry Earth Dry Grass.mat using Guid(ac61e86e1e2d6be489c9a5311f4a6435) Importer(815301076,1909f56bfc062723c751e8b465ee728b)  -> (artifact id: 'dd3b7e717bf6dff2a17a9ce08d390975') in 0.031737 seconds 
========================================================================
Received Import Request.
  Time since last request: 0.000032 seconds.
  path: Assets/3J3_AssetsJeu/TexturesTerrainAvecNormalMap/Materials - Forest Grounds/ground - Dense Cover Green Lt Green.mat
  artifactKey: Guid(d2de1ce87dd69014bae454b32d3ddd2a) Importer(815301076,1909f56bfc062723c751e8b465ee728b)
Start importing Assets/3J3_AssetsJeu/TexturesTerrainAvecNormalMap/Materials - Forest Grounds/ground - Dense Cover Green Lt Green.mat using Guid(d2de1ce87dd69014bae454b32d3ddd2a) Importer(815301076,1909f56bfc062723c751e8b465ee728b)  -> (artifact id: 'b50f52b5d9a15555dceda66a1446e731') in 0.029784 seconds 
========================================================================
Received Import Request.
  Time since last request: 0.000049 seconds.
  path: Assets/3J3_AssetsJeu/TexturesTerrainAvecNormalMap/Materials - Forest Grounds/ground - Dense Pointy Leaves.mat
  artifactKey: Guid(0d201e8b494b673489fd6d045d4f0699) Importer(815301076,1909f56bfc062723c751e8b465ee728b)
Start importing Assets/3J3_AssetsJeu/TexturesTerrainAvecNormalMap/Materials - Forest Grounds/ground - Dense Pointy Leaves.mat using Guid(0d201e8b494b673489fd6d045d4f0699) Importer(815301076,1909f56bfc062723c751e8b465ee728b)  -> (artifact id: '033cca800ebe3b82292cd6ab80b16761') in 0.035987 seconds 
========================================================================
Received Import Request.
  Time since last request: 0.000028 seconds.
  path: Assets/3J3_AssetsJeu/TexturesTerrainAvecNormalMap/Materials - Forest Grounds/ground - Brambles.mat
  artifactKey: Guid(023ed9d2f23787046a6b0fa00a087706) Importer(815301076,1909f56bfc062723c751e8b465ee728b)
Start importing Assets/3J3_AssetsJeu/TexturesTerrainAvecNormalMap/Materials - Forest Grounds/ground - Brambles.mat using Guid(023ed9d2f23787046a6b0fa00a087706) Importer(815301076,1909f56bfc062723c751e8b465ee728b)  -> (artifact id: 'e625f3251f1f870c67035b9c561ae03a') in 0.027415 seconds 
========================================================================
Received Import Request.
  Time since last request: 0.000041 seconds.
  path: Assets/3J3_AssetsJeu/TexturesTerrainAvecNormalMap/Materials - Forest Grounds with Bump/ground - Cover Red Green - bump.mat
  artifactKey: Guid(460e95d844b369d46a07db98f0c8a4da) Importer(815301076,1909f56bfc062723c751e8b465ee728b)
Start importing Assets/3J3_AssetsJeu/TexturesTerrainAvecNormalMap/Materials - Forest Grounds with Bump/ground - Cover Red Green - bump.mat using Guid(460e95d844b369d46a07db98f0c8a4da) Importer(815301076,1909f56bfc062723c751e8b465ee728b)  -> (artifact id: '548378ded80ac82d52272a4428a05820') in 0.493712 seconds 
========================================================================
Received Import Request.
  Time since last request: 0.000027 seconds.
  path: Assets/3J3_AssetsJeu/TexturesTerrainAvecNormalMap/Materials - Forest Grounds/ground - Grass Patchy.mat
  artifactKey: Guid(0c7a72570c467864cb3e35ad4631ab3e) Importer(815301076,1909f56bfc062723c751e8b465ee728b)
Start importing Assets/3J3_AssetsJeu/TexturesTerrainAvecNormalMap/Materials - Forest Grounds/ground - Grass Patchy.mat using Guid(0c7a72570c467864cb3e35ad4631ab3e) Importer(815301076,1909f56bfc062723c751e8b465ee728b)  -> (artifact id: '378c5f83c6355fd42ae2faadd35641ad') in 0.031316 seconds 
========================================================================
Received Import Request.
  Time since last request: 0.000041 seconds.
  path: Assets/3J3_AssetsJeu/TexturesTerrainAvecNormalMap/Materials - Forest Grounds/ground - Decayed Leaves.mat
  artifactKey: Guid(ac73db8833294964a9b5f60b941139e1) Importer(815301076,1909f56bfc062723c751e8b465ee728b)
Start importing Assets/3J3_AssetsJeu/TexturesTerrainAvecNormalMap/Materials - Forest Grounds/ground - Decayed Leaves.mat using Guid(ac73db8833294964a9b5f60b941139e1) Importer(815301076,1909f56bfc062723c751e8b465ee728b)  -> (artifact id: '6ea6f924072f73c558a13e72dace407e') in 0.028068 seconds 
========================================================================
Received Import Request.
  Time since last request: 0.000028 seconds.
  path: Assets/3J3_AssetsJeu/TexturesTerrainAvecNormalMap/Materials - Forest Grounds with Bump/ground - Forest Dry with Green Leaves - bump.mat
  artifactKey: Guid(ca458eb9acce7d4478d5b9492286bfd1) Importer(815301076,1909f56bfc062723c751e8b465ee728b)
Start importing Assets/3J3_AssetsJeu/TexturesTerrainAvecNormalMap/Materials - Forest Grounds with Bump/ground - Forest Dry with Green Leaves - bump.mat using Guid(ca458eb9acce7d4478d5b9492286bfd1) Importer(815301076,1909f56bfc062723c751e8b465ee728b)  -> (artifact id: '68c5cc1cb7691fc4757058d223be383a') in 0.038517 seconds 
========================================================================
Received Import Request.
  Time since last request: 0.000027 seconds.
  path: Assets/3J3_AssetsJeu/TexturesTerrainAvecNormalMap/Materials - Forest Grounds/ground - Cover Lotsa Green Leaves.mat
  artifactKey: Guid(5b0639fea80fa7a43abf3a3505644bac) Importer(815301076,1909f56bfc062723c751e8b465ee728b)
Start importing Assets/3J3_AssetsJeu/TexturesTerrainAvecNormalMap/Materials - Forest Grounds/ground - Cover Lotsa Green Leaves.mat using Guid(5b0639fea80fa7a43abf3a3505644bac) Importer(815301076,1909f56bfc062723c751e8b465ee728b)  -> (artifact id: '6f0c9ef4d5e5fabd82e9ae77ec9d2630') in 0.029870 seconds 
========================================================================
Received Import Request.
  Time since last request: 0.000029 seconds.
  path: Assets/3J3_AssetsJeu/TexturesTerrainAvecNormalMap/Materials - Forest Grounds/ground - Forest Dry Pine Needles.mat
  artifactKey: Guid(c80abfdf7417ebf4084ff21e8dcb1b73) Importer(815301076,1909f56bfc062723c751e8b465ee728b)
Start importing Assets/3J3_AssetsJeu/TexturesTerrainAvecNormalMap/Materials - Forest Grounds/ground - Forest Dry Pine Needles.mat using Guid(c80abfdf7417ebf4084ff21e8dcb1b73) Importer(815301076,1909f56bfc062723c751e8b465ee728b)  -> (artifact id: '9596a4d9a30ef3a4c584a05f60629e3d') in 0.031809 seconds 
========================================================================
Received Import Request.
  Time since last request: 0.000029 seconds.
  path: Assets/3J3_AssetsJeu/TexturesTerrainAvecNormalMap/Materials - Forest Grounds/ground - Earth with Heart Shapes Leaves.mat
  artifactKey: Guid(d65dfb8e69826a042bcea140800eb6d4) Importer(815301076,1909f56bfc062723c751e8b465ee728b)
Start importing Assets/3J3_AssetsJeu/TexturesTerrainAvecNormalMap/Materials - Forest Grounds/ground - Earth with Heart Shapes Leaves.mat using Guid(d65dfb8e69826a042bcea140800eb6d4) Importer(815301076,1909f56bfc062723c751e8b465ee728b)  -> (artifact id: '4cadf01d9975b816ec93ff8a7d7676d4') in 0.030199 seconds 
========================================================================
Received Import Request.
  Time since last request: 0.000026 seconds.
  path: Assets/3J3_AssetsJeu/TexturesTerrainAvecNormalMap/Materials - Forest Grounds with Bump/ground - Grass Long Thing - bump.mat
  artifactKey: Guid(5819805e9dc6b8241b35a940575083e0) Importer(815301076,1909f56bfc062723c751e8b465ee728b)
Start importing Assets/3J3_AssetsJeu/TexturesTerrainAvecNormalMap/Materials - Forest Grounds with Bump/ground - Grass Long Thing - bump.mat using Guid(5819805e9dc6b8241b35a940575083e0) Importer(815301076,1909f56bfc062723c751e8b465ee728b)  -> (artifact id: 'febe080e3e900529f01fd7a2298f75b2') in 0.041119 seconds 
========================================================================
Received Import Request.
  Time since last request: 0.000025 seconds.
  path: Assets/3J3_AssetsJeu/TexturesTerrainAvecNormalMap/Materials - Forest Grounds/ground - Dead Skinny Leaves 2.mat
  artifactKey: Guid(1a3b1c4f7c3572440a1f9b605a273066) Importer(815301076,1909f56bfc062723c751e8b465ee728b)
Start importing Assets/3J3_AssetsJeu/TexturesTerrainAvecNormalMap/Materials - Forest Grounds/ground - Dead Skinny Leaves 2.mat using Guid(1a3b1c4f7c3572440a1f9b605a273066) Importer(815301076,1909f56bfc062723c751e8b465ee728b)  -> (artifact id: '5c3d42cd22c9cccaaba19a516686e3ff') in 0.028401 seconds 
========================================================================
Received Import Request.
  Time since last request: 0.000041 seconds.
  path: Assets/3J3_AssetsJeu/TexturesTerrainAvecNormalMap/Materials - Forest Grounds/ground - Cut Bracken.mat
  artifactKey: Guid(d5b4c242e28eda1479abb8626174feed) Importer(815301076,1909f56bfc062723c751e8b465ee728b)
Start importing Assets/3J3_AssetsJeu/TexturesTerrainAvecNormalMap/Materials - Forest Grounds/ground - Cut Bracken.mat using Guid(d5b4c242e28eda1479abb8626174feed) Importer(815301076,1909f56bfc062723c751e8b465ee728b)  -> (artifact id: '6b5ad27d1a9a4ec88c6d4e0e17735540') in 0.023826 seconds 
========================================================================
Received Import Request.
  Time since last request: 0.000027 seconds.
  path: Assets/3J3_AssetsJeu/TexturesTerrainAvecNormalMap/Materials - Forest Grounds with Bump/ground - Dry Pine Needles - bump.mat
  artifactKey: Guid(237bf8f23d89a964c819532821b051c6) Importer(815301076,1909f56bfc062723c751e8b465ee728b)
Start importing Assets/3J3_AssetsJeu/TexturesTerrainAvecNormalMap/Materials - Forest Grounds with Bump/ground - Dry Pine Needles - bump.mat using Guid(237bf8f23d89a964c819532821b051c6) Importer(815301076,1909f56bfc062723c751e8b465ee728b)  -> (artifact id: '47f4bf85a95b5ade818559040cf6277c') in 0.044585 seconds 
========================================================================
Received Import Request.
  Time since last request: 0.000023 seconds.
  path: Assets/3J3_AssetsJeu/TexturesTerrainAvecNormalMap/Materials - Forest Grounds with Bump/ground - Forest Dry Pine Needles - bump.mat
  artifactKey: Guid(8459857ead390e247a6de2c19b2e373e) Importer(815301076,1909f56bfc062723c751e8b465ee728b)
Start importing Assets/3J3_AssetsJeu/TexturesTerrainAvecNormalMap/Materials - Forest Grounds with Bump/ground - Forest Dry Pine Needles - bump.mat using Guid(8459857ead390e247a6de2c19b2e373e) Importer(815301076,1909f56bfc062723c751e8b465ee728b)  -> (artifact id: '8c40dfb21f2ab8c7acd869e5b7094af1') in 0.039050 seconds 
========================================================================
Received Import Request.
  Time since last request: 0.740295 seconds.
  path: Assets/3J3_AssetsJeu/TexturesTerrainAvecNormalMap/Materials - Forest Grounds with Bump/ground - Grass Snow - bump.mat
  artifactKey: Guid(9f68a2430df1cc642bc31d5f4442318f) Importer(815301076,1909f56bfc062723c751e8b465ee728b)
Start importing Assets/3J3_AssetsJeu/TexturesTerrainAvecNormalMap/Materials - Forest Grounds with Bump/ground - Grass Snow - bump.mat using Guid(9f68a2430df1cc642bc31d5f4442318f) Importer(815301076,1909f56bfc062723c751e8b465ee728b)  -> (artifact id: '093e5a1c4d37180dce7bf8a2d45e5a51') in 0.041171 seconds 
========================================================================
Received Import Request.
  Time since last request: 0.000026 seconds.
  path: Assets/3J3_AssetsJeu/TexturesTerrainAvecNormalMap/Materials - Forest Grounds with Bump/ground - Meadow Grass Tiny Flowers - bump.mat
  artifactKey: Guid(cac2633463cbe7a428a8c4443470ab88) Importer(815301076,1909f56bfc062723c751e8b465ee728b)
Start importing Assets/3J3_AssetsJeu/TexturesTerrainAvecNormalMap/Materials - Forest Grounds with Bump/ground - Meadow Grass Tiny Flowers - bump.mat using Guid(cac2633463cbe7a428a8c4443470ab88) Importer(815301076,1909f56bfc062723c751e8b465ee728b)  -> (artifact id: '2ddf0aded7e882262b0b9509f203e145') in 0.045156 seconds 
========================================================================
Received Import Request.
  Time since last request: 0.000021 seconds.
  path: Assets/3J3_AssetsJeu/TexturesTerrainAvecNormalMap/Materials - Forest Grounds with Bump/ground - Mossy Rocks and Leaves - bump.mat
  artifactKey: Guid(ab1488c3e5ba5d544878a41cc20eb820) Importer(815301076,1909f56bfc062723c751e8b465ee728b)
Start importing Assets/3J3_AssetsJeu/TexturesTerrainAvecNormalMap/Materials - Forest Grounds with Bump/ground - Mossy Rocks and Leaves - bump.mat using Guid(ab1488c3e5ba5d544878a41cc20eb820) Importer(815301076,1909f56bfc062723c751e8b465ee728b)  -> (artifact id: 'fdf6a035262f05772fa7ea5b8108f077') in 0.043077 seconds 
========================================================================
Received Import Request.
  Time since last request: 0.000032 seconds.
  path: Assets/3J3_AssetsJeu/Traffic Essentials Asset Pack/Materials/LeftTurn.mat
  artifactKey: Guid(77219e745c06c440a81d9f95f9b8114f) Importer(815301076,1909f56bfc062723c751e8b465ee728b)
Start importing Assets/3J3_AssetsJeu/Traffic Essentials Asset Pack/Materials/LeftTurn.mat using Guid(77219e745c06c440a81d9f95f9b8114f) Importer(815301076,1909f56bfc062723c751e8b465ee728b)  -> (artifact id: '22e267c1a11da1a6a4c456471533ce54') in 0.045910 seconds 
========================================================================
Received Import Request.
  Time since last request: 0.000034 seconds.
  path: Assets/3J3_AssetsJeu/TexturesTerrainAvecNormalMap/Materials - Forest Grounds/ground - Winter Oak Leaves 2.mat
  artifactKey: Guid(8cb79433e04822b4ea237eacdf66c076) Importer(815301076,1909f56bfc062723c751e8b465ee728b)
Start importing Assets/3J3_AssetsJeu/TexturesTerrainAvecNormalMap/Materials - Forest Grounds/ground - Winter Oak Leaves 2.mat using Guid(8cb79433e04822b4ea237eacdf66c076) Importer(815301076,1909f56bfc062723c751e8b465ee728b)  -> (artifact id: 'fee11e541fb9771f62e56ff20e89782f') in 0.035809 seconds 
========================================================================
Received Import Request.
  Time since last request: 0.000022 seconds.
  path: Assets/3J3_AssetsJeu/Traffic Essentials Asset Pack/Materials/MeterStickers.mat
  artifactKey: Guid(0b055ea7ea342475694c217c9c51ac8c) Importer(815301076,1909f56bfc062723c751e8b465ee728b)
Start importing Assets/3J3_AssetsJeu/Traffic Essentials Asset Pack/Materials/MeterStickers.mat using Guid(0b055ea7ea342475694c217c9c51ac8c) Importer(815301076,1909f56bfc062723c751e8b465ee728b)  -> (artifact id: '14b6069e6edfde3eef98c5804841811e') in 0.026465 seconds 
========================================================================
Received Import Request.
  Time since last request: 0.000045 seconds.
  path: Assets/3J3_AssetsJeu/Traffic Essentials Asset Pack/Meshes/ManholeCover.fbx
  artifactKey: Guid(a22765c5a471346cdbe69816f3293495) Importer(815301076,1909f56bfc062723c751e8b465ee728b)
Start importing Assets/3J3_AssetsJeu/Traffic Essentials Asset Pack/Meshes/ManholeCover.fbx using Guid(a22765c5a471346cdbe69816f3293495) Importer(815301076,1909f56bfc062723c751e8b465ee728b)  -> (artifact id: 'db85e4c9eade55b9d9dc5648e4eeac72') in 0.307912 seconds 
========================================================================
Received Import Request.
  Time since last request: 0.000030 seconds.
  path: Assets/3J3_AssetsJeu/_Ressources(Ne pas effacer)/Water/Water/Materials/WaterPlaneMaterial.mat
  artifactKey: Guid(f1bc741ea0e69a241896582ddb633d55) Importer(815301076,1909f56bfc062723c751e8b465ee728b)
Start importing Assets/3J3_AssetsJeu/_Ressources(Ne pas effacer)/Water/Water/Materials/WaterPlaneMaterial.mat using Guid(f1bc741ea0e69a241896582ddb633d55) Importer(815301076,1909f56bfc062723c751e8b465ee728b)  -> (artifact id: '383f19e8192830707cbb64798f2cb96f') in 0.328520 seconds 
========================================================================
Received Import Request.
  Time since last request: 0.000053 seconds.
  path: Assets/3J3_AssetsJeu/RessourcesTerrain/RSC (ne pas utiliser ou effacer)/Nobiax Free Rocks --fait/meshes/01/Materials/No Name.mat
  artifactKey: Guid(d9ac87544b6e60b4f93bb932aec2fa1c) Importer(815301076,1909f56bfc062723c751e8b465ee728b)
Start importing Assets/3J3_AssetsJeu/RessourcesTerrain/RSC (ne pas utiliser ou effacer)/Nobiax Free Rocks --fait/meshes/01/Materials/No Name.mat using Guid(d9ac87544b6e60b4f93bb932aec2fa1c) Importer(815301076,1909f56bfc062723c751e8b465ee728b)  -> (artifact id: 'ef62b76475e38350917b13f119479bce') in 0.025278 seconds 
========================================================================
Received Import Request.
  Time since last request: 0.000026 seconds.
  path: Assets/3J3_AssetsJeu/TexturesTerrainAvecNormalMap/Materials - Forest Grounds with Bump/ground - Moss Rocks Dirt - bump.mat
  artifactKey: Guid(fca4858f34d28274795e09b7ab71bc78) Importer(815301076,1909f56bfc062723c751e8b465ee728b)
Start importing Assets/3J3_AssetsJeu/TexturesTerrainAvecNormalMap/Materials - Forest Grounds with Bump/ground - Moss Rocks Dirt - bump.mat using Guid(fca4858f34d28274795e09b7ab71bc78) Importer(815301076,1909f56bfc062723c751e8b465ee728b)  -> (artifact id: 'bffcadef6808d60fe3898663e5ef0325') in 0.044124 seconds 
========================================================================
Received Import Request.
  Time since last request: 0.000040 seconds.
  path: Assets/3J3_AssetsJeu/_Ressources(Ne pas effacer)/Terrain Assets/Trees Ambient-Occlusion/Materials/palmbark.mat
  artifactKey: Guid(8ce91c8ecd118f12a000e6888f962b59) Importer(815301076,1909f56bfc062723c751e8b465ee728b)
Start importing Assets/3J3_AssetsJeu/_Ressources(Ne pas effacer)/Terrain Assets/Trees Ambient-Occlusion/Materials/palmbark.mat using Guid(8ce91c8ecd118f12a000e6888f962b59) Importer(815301076,1909f56bfc062723c751e8b465ee728b)  -> (artifact id: '72f6e1f0567d00a3378733db7d830f20') in 0.027107 seconds 
========================================================================
Received Import Request.
  Time since last request: 0.000026 seconds.
  path: Packages/com.unity.render-pipelines.universal/Runtime/Materials/Lit.mat
  artifactKey: Guid(31321ba15b8f8eb4c954353edc038b1d) Importer(815301076,1909f56bfc062723c751e8b465ee728b)
Start importing Packages/com.unity.render-pipelines.universal/Runtime/Materials/Lit.mat using Guid(31321ba15b8f8eb4c954353edc038b1d) Importer(815301076,1909f56bfc062723c751e8b465ee728b)  -> (artifact id: '3ace3bd970d52e04aa0ff16037559761') in 0.018800 seconds 
========================================================================
Received Import Request.
  Time since last request: 0.000024 seconds.
  path: Packages/com.unity.render-pipelines.universal/Runtime/Materials/PhysicalMaterial3DsMax/PhysicalMaterial3DsMax.shadergraph
  artifactKey: Guid(44245ab89240f51459a5077d7145c452) Importer(815301076,1909f56bfc062723c751e8b465ee728b)
Start importing Packages/com.unity.render-pipelines.universal/Runtime/Materials/PhysicalMaterial3DsMax/PhysicalMaterial3DsMax.shadergraph using Guid(44245ab89240f51459a5077d7145c452) Importer(815301076,1909f56bfc062723c751e8b465ee728b)  -> (artifact id: '3414dd9e1ae8bf1869af5e0066256f2f') in 0.963828 seconds 
========================================================================
Received Import Request.
  Time since last request: 0.000026 seconds.
  path: Assets/3J3_AssetsJeu/RessourcesTerrain/RSC (ne pas utiliser ou effacer)/Stonewall --fait/Materials/wall_sm_vine.mat
  artifactKey: Guid(8bb9c6dbf17322449966c8bd5cb60caf) Importer(815301076,1909f56bfc062723c751e8b465ee728b)
Start importing Assets/3J3_AssetsJeu/RessourcesTerrain/RSC (ne pas utiliser ou effacer)/Stonewall --fait/Materials/wall_sm_vine.mat using Guid(8bb9c6dbf17322449966c8bd5cb60caf) Importer(815301076,1909f56bfc062723c751e8b465ee728b)  -> (artifact id: 'e9c846ac0a1bb2418af2162292751de6') in 0.037374 seconds 
========================================================================
Received Import Request.
  Time since last request: 0.000055 seconds.
  path: Assets/3J3_AssetsJeu/Traffic Essentials Asset Pack/Materials/RedBrick.mat
  artifactKey: Guid(a0805ad16229a4a169c5d7731e127e2b) Importer(815301076,1909f56bfc062723c751e8b465ee728b)
Start importing Assets/3J3_AssetsJeu/Traffic Essentials Asset Pack/Materials/RedBrick.mat using Guid(a0805ad16229a4a169c5d7731e127e2b) Importer(815301076,1909f56bfc062723c751e8b465ee728b)  -> (artifact id: '1fdf18858078438a79469ae3543e6bef') in 0.679650 seconds 
========================================================================
Received Import Request.
  Time since last request: 0.000023 seconds.
  path: Packages/com.unity.render-pipelines.universal/Runtime/Materials/SpriteMask-Default.mat
  artifactKey: Guid(15d0c3709176029428a0da2f8cecf0b5) Importer(815301076,1909f56bfc062723c751e8b465ee728b)
Start importing Packages/com.unity.render-pipelines.universal/Runtime/Materials/SpriteMask-Default.mat using Guid(15d0c3709176029428a0da2f8cecf0b5) Importer(815301076,1909f56bfc062723c751e8b465ee728b)  -> (artifact id: '8833a161f836806c1c4328433579a5f3') in 0.019764 seconds 
========================================================================
Received Import Request.
  Time since last request: 0.000042 seconds.
  path: Assets/3J3_AssetsJeu/Traffic Essentials Asset Pack/Materials/OrangePaint.mat
  artifactKey: Guid(7fe64ea2f8618403aa539f310674871f) Importer(815301076,1909f56bfc062723c751e8b465ee728b)
Start importing Assets/3J3_AssetsJeu/Traffic Essentials Asset Pack/Materials/OrangePaint.mat using Guid(7fe64ea2f8618403aa539f310674871f) Importer(815301076,1909f56bfc062723c751e8b465ee728b)  -> (artifact id: '50e0d87985ce573dc30f30bd87ea9072') in 0.018882 seconds 
========================================================================
Received Import Request.
  Time since last request: 0.000028 seconds.
  path: Assets/3J3_AssetsJeu/TexturesTerrainAvecNormalMap/Materials - Forest Grounds with Bump/ground - Green Shoots - bump.mat
  artifactKey: Guid(debfbfd51dacd1648a0f82123e4f8f14) Importer(815301076,1909f56bfc062723c751e8b465ee728b)
Start importing Assets/3J3_AssetsJeu/TexturesTerrainAvecNormalMap/Materials - Forest Grounds with Bump/ground - Green Shoots - bump.mat using Guid(debfbfd51dacd1648a0f82123e4f8f14) Importer(815301076,1909f56bfc062723c751e8b465ee728b)  -> (artifact id: '7a8f3814530df651f7f02123ae0a13e1') in 0.040868 seconds 
========================================================================
Received Import Request.
  Time since last request: 0.000038 seconds.
  path: Assets/3J3_AssetsJeu/Traffic Essentials Asset Pack/Materials/Stop.mat
  artifactKey: Guid(f326be1ae8c8c4e15afdc79639027d26) Importer(815301076,1909f56bfc062723c751e8b465ee728b)
Start importing Assets/3J3_AssetsJeu/Traffic Essentials Asset Pack/Materials/Stop.mat using Guid(f326be1ae8c8c4e15afdc79639027d26) Importer(815301076,1909f56bfc062723c751e8b465ee728b)  -> (artifact id: '82a6453010c306811fae961d7fc980c0') in 0.022939 seconds 
========================================================================
Received Import Request.
  Time since last request: 0.000027 seconds.
  path: Assets/3J3_AssetsJeu/Traffic Essentials Asset Pack/Materials/Wood.mat
  artifactKey: Guid(07ab8fa10685c4018acf3f1d2ca05b93) Importer(815301076,1909f56bfc062723c751e8b465ee728b)
Start importing Assets/3J3_AssetsJeu/Traffic Essentials Asset Pack/Materials/Wood.mat using Guid(07ab8fa10685c4018acf3f1d2ca05b93) Importer(815301076,1909f56bfc062723c751e8b465ee728b)  -> (artifact id: '0ac76310991ef2bd5f721081b932e081') in 0.019326 seconds 
========================================================================
Received Import Request.
  Time since last request: 0.000035 seconds.
  path: Assets/3J3_AssetsJeu/RessourcesTerrain/RSC (ne pas utiliser ou effacer)/Stonewall --fait/Materials/rockSmooth.mat
  artifactKey: Guid(10fa1e61d34a4844fa7f6a7272af4c8c) Importer(815301076,1909f56bfc062723c751e8b465ee728b)
Start importing Assets/3J3_AssetsJeu/RessourcesTerrain/RSC (ne pas utiliser ou effacer)/Stonewall --fait/Materials/rockSmooth.mat using Guid(10fa1e61d34a4844fa7f6a7272af4c8c) Importer(815301076,1909f56bfc062723c751e8b465ee728b)  -> (artifact id: 'aa8ec19a5933dced2c7d31e87f8d8e5a') in 0.022517 seconds 
========================================================================
Received Import Request.
  Time since last request: 0.000022 seconds.
  path: Assets/3J3_AssetsJeu/Traffic Essentials Asset Pack/Materials/Walk.mat
  artifactKey: Guid(fa91c7f3b6307406cb119eec760832d3) Importer(815301076,1909f56bfc062723c751e8b465ee728b)
Start importing Assets/3J3_AssetsJeu/Traffic Essentials Asset Pack/Materials/Walk.mat using Guid(fa91c7f3b6307406cb119eec760832d3) Importer(815301076,1909f56bfc062723c751e8b465ee728b)  -> (artifact id: '5a06a7992e67e8e048518bcd73aa7be1') in 0.040362 seconds 
========================================================================
Received Import Request.
  Time since last request: 0.000027 seconds.
  path: Assets/3J3_AssetsJeu/RessourcesTerrain/RSC (ne pas utiliser ou effacer)/Stonewall --fait/Materials/vine_sm.mat
  artifactKey: Guid(0bb56c9dcc6a0594ca86e5bd4fcdf2f7) Importer(815301076,1909f56bfc062723c751e8b465ee728b)
Start importing Assets/3J3_AssetsJeu/RessourcesTerrain/RSC (ne pas utiliser ou effacer)/Stonewall --fait/Materials/vine_sm.mat using Guid(0bb56c9dcc6a0594ca86e5bd4fcdf2f7) Importer(815301076,1909f56bfc062723c751e8b465ee728b)  -> (artifact id: 'f67a1ea90ba56025ff4f60ebf79a2ad4') in 0.319943 seconds 
========================================================================
Received Import Request.
  Time since last request: 0.000040 seconds.
  path: Assets/3J3_AssetsJeu/Traffic Essentials Asset Pack/Materials/Road.mat
  artifactKey: Guid(497c2d087c9ee4f8aa9f37ef9d91b2af) Importer(815301076,1909f56bfc062723c751e8b465ee728b)
Start importing Assets/3J3_AssetsJeu/Traffic Essentials Asset Pack/Materials/Road.mat using Guid(497c2d087c9ee4f8aa9f37ef9d91b2af) Importer(815301076,1909f56bfc062723c751e8b465ee728b)  -> (artifact id: 'a33bc1f5157cf3cc3737ed99ef56c0f5') in 0.654689 seconds 
========================================================================
Received Import Request.
  Time since last request: 0.000031 seconds.
  path: Assets/3J3_AssetsJeu/TexturesTerrainAvecNormalMap/Materials - Forest Grounds with Bump/ground - Grass Snow More - bump.mat
  artifactKey: Guid(7e6adcb84abafa847af4c59b57c0c467) Importer(815301076,1909f56bfc062723c751e8b465ee728b)
Start importing Assets/3J3_AssetsJeu/TexturesTerrainAvecNormalMap/Materials - Forest Grounds with Bump/ground - Grass Snow More - bump.mat using Guid(7e6adcb84abafa847af4c59b57c0c467) Importer(815301076,1909f56bfc062723c751e8b465ee728b)  -> (artifact id: '74887bd9b34b32f3a156c026d703208c') in 0.038748 seconds 
========================================================================
Received Import Request.
  Time since last request: 0.000045 seconds.
  path: Assets/3J3_AssetsJeu/_Ressources(Ne pas effacer)/Terrain Assets/Trees Ambient-Occlusion/Materials/thintree.mat
  artifactKey: Guid(54f8ae2f68d76442582318ea89be0259) Importer(815301076,1909f56bfc062723c751e8b465ee728b)
Start importing Assets/3J3_AssetsJeu/_Ressources(Ne pas effacer)/Terrain Assets/Trees Ambient-Occlusion/Materials/thintree.mat using Guid(54f8ae2f68d76442582318ea89be0259) Importer(815301076,1909f56bfc062723c751e8b465ee728b)  -> (artifact id: '54c3f220d3d2219f837f3f9d7e760d79') in 0.028471 seconds 
========================================================================
Received Import Request.
  Time since last request: 0.000032 seconds.
  path: Assets/3J3_AssetsJeu/TexturesTerrainAvecNormalMap/Materials - Forest Grounds with Bump/ground - Moss with Dry Leaves - bump.mat
  artifactKey: Guid(cfee68ba83e85db4c9bde337b6997b2e) Importer(815301076,1909f56bfc062723c751e8b465ee728b)
Start importing Assets/3J3_AssetsJeu/TexturesTerrainAvecNormalMap/Materials - Forest Grounds with Bump/ground - Moss with Dry Leaves - bump.mat using Guid(cfee68ba83e85db4c9bde337b6997b2e) Importer(815301076,1909f56bfc062723c751e8b465ee728b)  -> (artifact id: '5f1479df15bad07955a1b6ddb3673865') in 0.039546 seconds 
========================================================================
Received Import Request.
  Time since last request: 0.000027 seconds.
  path: Assets/3J3_AssetsJeu/RessourcesTerrain/RSC (ne pas utiliser ou effacer)/Stonewall --fait/Materials/wall_lg_noVine.mat
  artifactKey: Guid(3b0800ed82713284c9a7f747400977ff) Importer(815301076,1909f56bfc062723c751e8b465ee728b)
Start importing Assets/3J3_AssetsJeu/RessourcesTerrain/RSC (ne pas utiliser ou effacer)/Stonewall --fait/Materials/wall_lg_noVine.mat using Guid(3b0800ed82713284c9a7f747400977ff) Importer(815301076,1909f56bfc062723c751e8b465ee728b)  -> (artifact id: 'e0b16825be1b49a85c13fc5f376b0c5c') in 0.033924 seconds 
========================================================================
Received Import Request.
  Time since last request: 0.000034 seconds.
  path: Assets/3J3_AssetsJeu/TexturesTerrainAvecNormalMap/Materials - Forest Grounds with Bump/ground - Green Shoots 2 - bump.mat
  artifactKey: Guid(bc1cc98f3a6afbd40952f52478a330a6) Importer(815301076,1909f56bfc062723c751e8b465ee728b)
Start importing Assets/3J3_AssetsJeu/TexturesTerrainAvecNormalMap/Materials - Forest Grounds with Bump/ground - Green Shoots 2 - bump.mat using Guid(bc1cc98f3a6afbd40952f52478a330a6) Importer(815301076,1909f56bfc062723c751e8b465ee728b)  -> (artifact id: '0af3f5f4de13b238d9af10da70bc5f9d') in 0.038982 seconds 
========================================================================
Received Import Request.
  Time since last request: 0.000027 seconds.
  path: Assets/3J3_AssetsJeu/Traffic Essentials Asset Pack/Materials/RedPaint.mat
  artifactKey: Guid(1013c18ed55ee46d7bede6936bb49c1e) Importer(815301076,1909f56bfc062723c751e8b465ee728b)
Start importing Assets/3J3_AssetsJeu/Traffic Essentials Asset Pack/Materials/RedPaint.mat using Guid(1013c18ed55ee46d7bede6936bb49c1e) Importer(815301076,1909f56bfc062723c751e8b465ee728b)  -> (artifact id: 'de79acd919f3dd42128a3760cda8fa07') in 0.035343 seconds 
========================================================================
Received Import Request.
  Time since last request: 0.000029 seconds.
  path: Assets/3J3_AssetsJeu/Traffic Essentials Asset Pack/Materials/WrongWay.mat
  artifactKey: Guid(6432a8dd8c6b341ada46f6287c7dc7b8) Importer(815301076,1909f56bfc062723c751e8b465ee728b)
Start importing Assets/3J3_AssetsJeu/Traffic Essentials Asset Pack/Materials/WrongWay.mat using Guid(6432a8dd8c6b341ada46f6287c7dc7b8) Importer(815301076,1909f56bfc062723c751e8b465ee728b)  -> (artifact id: '5dc921fb5a5c1afbbab4360140942e50') in 0.032396 seconds 
========================================================================
Received Import Request.
  Time since last request: 0.000048 seconds.
  path: Assets/3J3_AssetsJeu/Traffic Essentials Asset Pack/Meshes/OneWaySign.fbx
  artifactKey: Guid(aaf7d70ac9f0448e1b074c8f7e8cd5c5) Importer(815301076,1909f56bfc062723c751e8b465ee728b)
Start importing Assets/3J3_AssetsJeu/Traffic Essentials Asset Pack/Meshes/OneWaySign.fbx using Guid(aaf7d70ac9f0448e1b074c8f7e8cd5c5) Importer(815301076,1909f56bfc062723c751e8b465ee728b)  -> (artifact id: '884ecd6d5db613ff9028a8416e115658') in 0.078470 seconds 
========================================================================
Received Import Request.
  Time since last request: 0.000022 seconds.
  path: Assets/3J3_AssetsJeu/illusionloop.com/road props/Source Models/Materials/Mobile/road objects low poly 2 alpha - m.mat
  artifactKey: Guid(cf5858b54404ea742ad9d367dd079719) Importer(815301076,1909f56bfc062723c751e8b465ee728b)
Start importing Assets/3J3_AssetsJeu/illusionloop.com/road props/Source Models/Materials/Mobile/road objects low poly 2 alpha - m.mat using Guid(cf5858b54404ea742ad9d367dd079719) Importer(815301076,1909f56bfc062723c751e8b465ee728b)  -> (artifact id: 'bea97b854b8f44233b0cc39ecc3def24') in 0.128429 seconds 
Editor requested this worker to shutdown with reason: Scaling down because of idle timeout
AssetImportWorker is now disconnected from the server
Process exiting
Exiting without the bug reporter. Application will terminate with return code 0