Using pre-set license
Built from '2022.1/staging' branch; Version is '2022.1.12f1 (916d9c03b898) revision 9530780'; Using compiler version '192829333'; Build Type 'Release'
OS: 'Windows 10  (10.0.19044) 64bit Core' Language: 'en' Physical Memory: 65456 MB
BatchMode: 1, IsHumanControllingUs: 0, StartBugReporterOnCrash: 0, Is64bit: 1, IsPro: 1

COMMAND LINE ARGUMENTS:
C:\Program Files\Unity\Hub\Editor\2022.1.12f1\Editor\Unity.exe
-adb2
-batchMode
-noUpm
-name
AssetImportWorker2
-projectPath
D:/College Work 5/5JB - Exp/Hoang-Kevin_Arsenault-Zackary_TP
-logFile
Logs/AssetImportWorker2.log
-srvPort
62561
Successfully changed project path to: D:/College Work 5/5JB - Exp/Hoang-Kevin_Arsenault-Zackary_TP
D:/College Work 5/5JB - Exp/Hoang-Kevin_Arsenault-Zackary_TP
[UnityMemory] Configuration Parameters - Can be set up in boot.config
    "memorysetup-bucket-allocator-granularity=16"
    "memorysetup-bucket-allocator-bucket-count=8"
    "memorysetup-bucket-allocator-block-size=33554432"
    "memorysetup-bucket-allocator-block-count=8"
    "memorysetup-main-allocator-block-size=16777216"
    "memorysetup-thread-allocator-block-size=16777216"
    "memorysetup-gfx-main-allocator-block-size=16777216"
    "memorysetup-gfx-thread-allocator-block-size=16777216"
    "memorysetup-cache-allocator-block-size=4194304"
    "memorysetup-typetree-allocator-block-size=2097152"
    "memorysetup-profiler-bucket-allocator-granularity=16"
    "memorysetup-profiler-bucket-allocator-bucket-count=8"
    "memorysetup-profiler-bucket-allocator-block-size=33554432"
    "memorysetup-profiler-bucket-allocator-block-count=8"
    "memorysetup-profiler-allocator-block-size=16777216"
    "memorysetup-profiler-editor-allocator-block-size=1048576"
    "memorysetup-temp-allocator-size-main=16777216"
    "memorysetup-job-temp-allocator-block-size=2097152"
    "memorysetup-job-temp-allocator-block-size-background=1048576"
    "memorysetup-job-temp-allocator-reduction-small-platforms=262144"
    "memorysetup-temp-allocator-size-background-worker=32768"
    "memorysetup-temp-allocator-size-job-worker=262144"
    "memorysetup-temp-allocator-size-preload-manager=33554432"
    "memorysetup-temp-allocator-size-nav-mesh-worker=65536"
    "memorysetup-temp-allocator-size-audio-worker=65536"
    "memorysetup-temp-allocator-size-cloud-worker=32768"
    "memorysetup-temp-allocator-size-gi-baking-worker=262144"
    "memorysetup-temp-allocator-size-gfx=262144"
Refreshing native plugins compatible for Editor in 202.67 ms, found 6 plugins.
Preloading 1 native plugins for Editor in 1.24 ms.
Initialize engine version: 2022.1.12f1 (916d9c03b898)
[Subsystems] Discovering subsystems at path C:/Program Files/Unity/Hub/Editor/2022.1.12f1/Editor/Data/Resources/UnitySubsystems
[Subsystems] Discovering subsystems at path D:/College Work 5/5JB - Exp/Hoang-Kevin_Arsenault-Zackary_TP/Assets
GfxDevice: creating device client; threaded=0; jobified=0
Direct3D:
    Version:  Direct3D 11.0 [level 11.1]
    Renderer: NVIDIA GeForce GTX 970 (ID=0x13c2)
    Vendor:   NVIDIA
    VRAM:     4037 MB
    Driver:   31.0.15.2647
Initialize mono
Mono path[0] = 'C:/Program Files/Unity/Hub/Editor/2022.1.12f1/Editor/Data/Managed'
Mono path[1] = 'C:/Program Files/Unity/Hub/Editor/2022.1.12f1/Editor/Data/MonoBleedingEdge/lib/mono/unityjit-win32'
Mono config path = 'C:/Program Files/Unity/Hub/Editor/2022.1.12f1/Editor/Data/MonoBleedingEdge/etc'
Using monoOptions --debugger-agent=transport=dt_socket,embedding=1,server=y,suspend=n,address=127.0.0.1:56512
Begin MonoManager ReloadAssembly
Registering precompiled unity dll's ...
Register platform support module: C:/Program Files/Unity/Hub/Editor/2022.1.12f1/Editor/Data/PlaybackEngines/AndroidPlayer/UnityEditor.Android.Extensions.dll
Register platform support module: C:/Program Files/Unity/Hub/Editor/2022.1.12f1/Editor/Data/PlaybackEngines/WindowsStandaloneSupport/UnityEditor.WindowsStandalone.Extensions.dll
Registered in 0.016437 seconds.
Native extension for WindowsStandalone target not found
Native extension for Android target not found
Refreshing native plugins compatible for Editor in 195.80 ms, found 6 plugins.
Preloading 1 native plugins for Editor in 0.25 ms.
Mono: successfully reloaded assembly
- Completed reload, in  1.230 seconds
Domain Reload Profiling:
	ReloadAssembly (1231ms)
		BeginReloadAssembly (129ms)
			ExecutionOrderSort (0ms)
			DisableScriptedObjects (0ms)
			BackupInstance (0ms)
			ReleaseScriptingObjects (0ms)
			CreateAndSetChildDomain (1ms)
		EndReloadAssembly (904ms)
			LoadAssemblies (125ms)
			RebuildTransferFunctionScriptingTraits (0ms)
			SetupTypeCache (205ms)
				TypeCache.Initialize (205ms)
					TypeCache.ScanAssembly (203ms)
				ResolveRequiredComponents (1ms)
			ReleaseScriptCaches (0ms)
			RebuildScriptCaches (48ms)
			SetupLoadedEditorAssemblies (558ms)
				LogAssemblyErrors (0ms)
				InitializePlatformSupportModulesInManaged (99ms)
				SetLoadedEditorAssemblies (12ms)
				RefreshPlugins (196ms)
				BeforeProcessingInitializeOnLoad (2ms)
				ProcessInitializeOnLoadAttributes (174ms)
				ProcessInitializeOnLoadMethodAttributes (74ms)
				AfterProcessingInitializeOnLoad (0ms)
				EditorAssembliesLoaded (0ms)
			ExecutionOrderSort2 (0ms)
			AwakeInstancesAfterBackupRestoration (0ms)
Platform modules already initialized, skipping
Registering precompiled user dll's ...
Registered in 0.013277 seconds.
Begin MonoManager ReloadAssembly
Symbol file LoadedFromMemory doesn't match image D:\College Work 5\5JB - Exp\Hoang-Kevin_Arsenault-Zackary_TP\Library\PackageCache\com.unity.visualscripting@1.7.8\Editor\VisualScripting.Core\Dependencies\YamlDotNet\Unity.VisualScripting.YamlDotNet.dll
Symbol file LoadedFromMemory doesn't match image D:\College Work 5\5JB - Exp\Hoang-Kevin_Arsenault-Zackary_TP\Library\PackageCache\com.unity.visualscripting@1.7.8\Editor\VisualScripting.Core\Dependencies\DotNetZip\Unity.VisualScripting.IonicZip.dll
Native extension for WindowsStandalone target not found
Native extension for Android target not found
Refreshing native plugins compatible for Editor in 199.53 ms, found 6 plugins.
Preloading 1 native plugins for Editor in 0.08 ms.
Package Manager log level set to [2]
[Package Manager] Server::EnsureServerProcessIsRunning -- launch failed, reason: Unity was launched with the -noUpm command-line argument
[Package Manager] UpmClient::Send -- Unable to send message (not connected to UPM process).
[Package Manager] Cannot connect to Unity Package Manager local server
System.Reflection.TargetInvocationException: Exception has been thrown by the target of an invocation. ---> System.NullReferenceException: Object reference not set to an instance of an object
  at Unity.XR.Oculus.OculusLoader.AssetPathToAbsolutePath (System.String assetPath) [0x0003d] in D:\College Work 5\5JB - Exp\Hoang-Kevin_Arsenault-Zackary_TP\Library\PackageCache\com.unity.xr.oculus@3.0.2\Runtime\OculusLoader.cs:271 
  at Unity.XR.Oculus.OculusLoader.EditorLoadOVRPlugin () [0x0007b] in D:\College Work 5\5JB - Exp\Hoang-Kevin_Arsenault-Zackary_TP\Library\PackageCache\com.unity.xr.oculus@3.0.2\Runtime\OculusLoader.cs:256 
  at (wrapper managed-to-native) System.Reflection.RuntimeMethodInfo.InternalInvoke(System.Reflection.RuntimeMethodInfo,object,object[],System.Exception&)
  at System.Reflection.RuntimeMethodInfo.Invoke (System.Object obj, System.Reflection.BindingFlags invokeAttr, System.Reflection.Binder binder, System.Object[] parameters, System.Globalization.CultureInfo culture) [0x0006a] in <f3aec01a34d14c7080754e28743c8472>:0 
   --- End of inner exception stack trace ---
  at System.Reflection.RuntimeMethodInfo.Invoke (System.Object obj, System.Reflection.BindingFlags invokeAttr, System.Reflection.Binder binder, System.Object[] parameters, System.Globalization.CultureInfo culture) [0x00083] in <f3aec01a34d14c7080754e28743c8472>:0 
  at System.Reflection.MethodBase.Invoke (System.Object obj, System.Object[] parameters) [0x00000] in <f3aec01a34d14c7080754e28743c8472>:0 
  at UnityEditor.EditorAssemblies.ProcessInitializeOnLoadMethodAttributes () [0x000a5] in <a01bf2e497e84ae285aeb97a3052e6cc>:0 
UnityEngine.StackTraceUtility:ExtractStackTrace ()
UnityEngine.DebugLogHandler:LogFormat (UnityEngine.LogType,UnityEngine.Object,string,object[])
UnityEngine.Logger:Log (UnityEngine.LogType,object)
UnityEngine.Debug:LogError (object)
UnityEditor.EditorAssemblies:ProcessInitializeOnLoadMethodAttributes ()

Mono: successfully reloaded assembly
[Package Manager] Server::EnsureServerProcessIsRunning -- launch failed, reason: Unity was launched with the -noUpm command-line argument
[Package Manager] UpmClient::Send -- Unable to send message (not connected to UPM process).
[Package Manager] Cannot connect to Unity Package Manager local server
[Package Manager] Server::EnsureServerProcessIsRunning -- launch failed, reason: Unity was launched with the -noUpm command-line argument
[Package Manager] UpmClient::Send -- Unable to send message (not connected to UPM process).
[Package Manager] Cannot connect to Unity Package Manager local server
- Completed reload, in  2.551 seconds
Domain Reload Profiling:
	ReloadAssembly (2552ms)
		BeginReloadAssembly (302ms)
			ExecutionOrderSort (0ms)
			DisableScriptedObjects (10ms)
			BackupInstance (0ms)
			ReleaseScriptingObjects (0ms)
			CreateAndSetChildDomain (136ms)
		EndReloadAssembly (2048ms)
			LoadAssemblies (153ms)
			RebuildTransferFunctionScriptingTraits (0ms)
			SetupTypeCache (523ms)
				TypeCache.Initialize (501ms)
					TypeCache.ScanAssembly (495ms)
				ResolveRequiredComponents (22ms)
			ReleaseScriptCaches (1ms)
			RebuildScriptCaches (117ms)
			SetupLoadedEditorAssemblies (1170ms)
				LogAssemblyErrors (0ms)
				InitializePlatformSupportModulesInManaged (23ms)
				SetLoadedEditorAssemblies (9ms)
				RefreshPlugins (200ms)
				BeforeProcessingInitializeOnLoad (204ms)
				ProcessInitializeOnLoadAttributes (570ms)
				ProcessInitializeOnLoadMethodAttributes (148ms)
				AfterProcessingInitializeOnLoad (16ms)
				EditorAssembliesLoaded (0ms)
			ExecutionOrderSort2 (0ms)
			AwakeInstancesAfterBackupRestoration (9ms)
Platform modules already initialized, skipping
========================================================================
Worker process is ready to serve import requests
Launched and connected shader compiler UnityShaderCompiler.exe after 0.05 seconds
Refreshing native plugins compatible for Editor in 1.76 ms, found 6 plugins.
Preloading 1 native plugins for Editor in 0.09 ms.
Unloading 5982 Unused Serialized files (Serialized files now loaded: 0)
Unloading 36 unused Assets / (64.4 KB). Loaded Objects now: 6461.
Memory consumption went from 0.93 GB to 0.93 GB.
Total: 5.841600 ms (FindLiveObjects: 0.682600 ms CreateObjectMapping: 0.404300 ms MarkObjects: 4.578200 ms  DeleteObjects: 0.174900 ms)

AssetImportParameters requested are different than current active one (requested -> active):
  custom:video-decoder-ogg-theora: a1e56fd34408186e4bbccfd4996cb3dc -> 
  custom:container-muxer-webm: aa71ff27fc2769a1b78a27578f13a17b -> 
  custom:container-demuxer-webm: 4f35f7cbe854078d1ac9338744f61a02 -> 
  custom:video-encoder-webm-vp8: eb34c28f22e8b96e1ab97ce403110664 -> 
  custom:audio-encoder-webm-vorbis: bf7c407c2cedff20999df2af8eb42d56 -> 
  custom:framework-win-MediaFoundation: 216162199b28c13a410421893ffa2e32 -> 
  custom:container-demuxer-ogg: 62fdf1f143b41e24485cea50d1cbac27 -> 
  custom:video-decoder-webm-vp8: 9c59270c3fd7afecdb556c50c9e8de78 -> 
  custom:audio-decoder-ogg-vorbis: bf7c407c2cedff20999df2af8eb42d56 -> 
========================================================================
Received Import Request.
  Time since last request: 24653.784520 seconds.
  path: Assets/M67/Materials/M67 modern.mat
  artifactKey: Guid(d9e8732f37aaecf47b24f6631b6cc4ed) Importer(815301076,1909f56bfc062723c751e8b465ee728b)
Start importing Assets/M67/Materials/M67 modern.mat using Guid(d9e8732f37aaecf47b24f6631b6cc4ed) Importer(815301076,1909f56bfc062723c751e8b465ee728b)  -> (artifact id: 'b1eb828a79c4b69a9d2e43de0548d55b') in 2.419611 seconds 
========================================================================
Received Import Request.
  Time since last request: 71.565798 seconds.
  path: Assets/5JB_Ex3-MiniJeu/Quille.mat
  artifactKey: Guid(b52c2b52024d6b64cb91f014b6268aaa) Importer(2089858483,0ecaa5967403d082aa24f35e1b516d23)
Start importing Assets/5JB_Ex3-MiniJeu/Quille.mat using Guid(b52c2b52024d6b64cb91f014b6268aaa) Importer(2089858483,0ecaa5967403d082aa24f35e1b516d23) Generated GUIDs only implemented for interfaces!
 -> (artifact id: 'ebb2a524ad47e904ea04761083ce955b') in 0.279978 seconds 
========================================================================
Received Import Request.
  Time since last request: 0.000047 seconds.
  path: Assets/5JB_Ex3-MiniJeu/Avatars/assets avatars/Materials/Avatar3.mat
  artifactKey: Guid(0f2cae6342edd5d4e921d23b40ec716a) Importer(2089858483,0ecaa5967403d082aa24f35e1b516d23)
Start importing Assets/5JB_Ex3-MiniJeu/Avatars/assets avatars/Materials/Avatar3.mat using Guid(0f2cae6342edd5d4e921d23b40ec716a) Importer(2089858483,0ecaa5967403d082aa24f35e1b516d23) Generated GUIDs only implemented for interfaces!
 -> (artifact id: 'd47c61168b21928313b1dcffbf58a62f') in 0.030156 seconds 
========================================================================
Received Import Request.
  Time since last request: 0.000054 seconds.
  path: Assets/M67/Materials/M67 modern.mat
  artifactKey: Guid(d9e8732f37aaecf47b24f6631b6cc4ed) Importer(2089858483,0ecaa5967403d082aa24f35e1b516d23)
Start importing Assets/M67/Materials/M67 modern.mat using Guid(d9e8732f37aaecf47b24f6631b6cc4ed) Importer(2089858483,0ecaa5967403d082aa24f35e1b516d23) Generated GUIDs only implemented for interfaces!
 -> (artifact id: '80c7125e8c67f2f084f05873accb1c4e') in 1.649591 seconds 
========================================================================
Received Import Request.
  Time since last request: 0.000050 seconds.
  path: Assets/5JB_Ex2-Cinematique/Montage_IntroTimeline.playable
  artifactKey: Guid(4857c6510a8523a48b6f62e48ac5a973) Importer(2089858483,0ecaa5967403d082aa24f35e1b516d23)
Start importing Assets/5JB_Ex2-Cinematique/Montage_IntroTimeline.playable using Guid(4857c6510a8523a48b6f62e48ac5a973) Importer(2089858483,0ecaa5967403d082aa24f35e1b516d23) Generated GUIDs only implemented for interfaces!
 -> (artifact id: 'afc09e91ca82b5ce64d7feeb3a1661c6') in 0.096613 seconds 
========================================================================
Received Import Request.
  Time since last request: 0.000060 seconds.
  path: Assets/Samples
  artifactKey: Guid(9026a39020af7124dba2b3f787b9266f) Importer(2089858483,0ecaa5967403d082aa24f35e1b516d23)
Start importing Assets/Samples using Guid(9026a39020af7124dba2b3f787b9266f) Importer(2089858483,0ecaa5967403d082aa24f35e1b516d23) Generated GUIDs only implemented for interfaces!
 -> (artifact id: '6b072f8cdfe483abaddb2963e383f1ed') in 0.013825 seconds 
========================================================================
Received Import Request.
  Time since last request: 0.000055 seconds.
  path: Assets/3J3_AssetsJeu/Scripts/GestionCamera.cs
  artifactKey: Guid(9ffc9b62eafcca5408a1712f4fff2ce2) Importer(2089858483,0ecaa5967403d082aa24f35e1b516d23)
Start importing Assets/3J3_AssetsJeu/Scripts/GestionCamera.cs using Guid(9ffc9b62eafcca5408a1712f4fff2ce2) Importer(2089858483,0ecaa5967403d082aa24f35e1b516d23) Generated GUIDs only implemented for interfaces!
 -> (artifact id: 'b5ae6ca1a8ebe1fa3b5e472452097756') in 0.020246 seconds 
========================================================================
Received Import Request.
  Time since last request: 0.000037 seconds.
  path: Assets/XRI/Settings/Resources/InteractionLayerSettings.asset
  artifactKey: Guid(7e2db6fdf9ff2224b843c55ef02d373f) Importer(2089858483,0ecaa5967403d082aa24f35e1b516d23)
Start importing Assets/XRI/Settings/Resources/InteractionLayerSettings.asset using Guid(7e2db6fdf9ff2224b843c55ef02d373f) Importer(2089858483,0ecaa5967403d082aa24f35e1b516d23) Generated GUIDs only implemented for interfaces!
 -> (artifact id: '035831e336ba50c8c8a589924d99e6ab') in 0.021442 seconds 
========================================================================
Received Import Request.
  Time since last request: 0.000039 seconds.
  path: Assets/5JB_Ex3-MiniJeu/Boule.mat
  artifactKey: Guid(d8e6b5453093c1e4599206029f90daa6) Importer(2089858483,0ecaa5967403d082aa24f35e1b516d23)
Start importing Assets/5JB_Ex3-MiniJeu/Boule.mat using Guid(d8e6b5453093c1e4599206029f90daa6) Importer(2089858483,0ecaa5967403d082aa24f35e1b516d23) Generated GUIDs only implemented for interfaces!
 -> (artifact id: 'fa5021ecbc335498fdc2de83c66122ef') in 0.036530 seconds 
========================================================================
Received Import Request.
  Time since last request: 0.000077 seconds.
  path: Assets/M67/Textures/M67 old/M67 old_AO.png
  artifactKey: Guid(b6b38a7f459f2b040ba6f4f9b0de3549) Importer(2089858483,0ecaa5967403d082aa24f35e1b516d23)
Start importing Assets/M67/Textures/M67 old/M67 old_AO.png using Guid(b6b38a7f459f2b040ba6f4f9b0de3549) Importer(2089858483,0ecaa5967403d082aa24f35e1b516d23) Generated GUIDs only implemented for interfaces!
 -> (artifact id: '7d9ca742c860a257e9b6b7bdb2dbfbc0') in 0.441959 seconds 
========================================================================
Received Import Request.
  Time since last request: 0.000051 seconds.
  path: Assets/M67/Textures/M67 old/M67 old_Roughness.png
  artifactKey: Guid(cef427c53f0824342b4290414df5e975) Importer(2089858483,0ecaa5967403d082aa24f35e1b516d23)
Start importing Assets/M67/Textures/M67 old/M67 old_Roughness.png using Guid(cef427c53f0824342b4290414df5e975) Importer(2089858483,0ecaa5967403d082aa24f35e1b516d23) Generated GUIDs only implemented for interfaces!
 -> (artifact id: '41d8c000acf2a31b27ec0e45015b3cd8') in 0.432395 seconds 
========================================================================
Received Import Request.
  Time since last request: 0.000087 seconds.
  path: Assets/M67/Prefabs/M67 old Variant.prefab
  artifactKey: Guid(1bb7534ddfbdbd442b68ea75c381c252) Importer(2089858483,0ecaa5967403d082aa24f35e1b516d23)
Start importing Assets/M67/Prefabs/M67 old Variant.prefab using Guid(1bb7534ddfbdbd442b68ea75c381c252) Importer(2089858483,0ecaa5967403d082aa24f35e1b516d23) Generated GUIDs only implemented for interfaces!
 -> (artifact id: 'bf441c7873399ab8df262379d0528d78') in 0.032722 seconds 
========================================================================
Received Import Request.
  Time since last request: 0.000045 seconds.
  path: Assets/3J3_AssetsJeu/Scenes/SceneJeu/Box Volume Profile.asset
  artifactKey: Guid(1a99d5f09dc6198408d9146da41285cf) Importer(2089858483,0ecaa5967403d082aa24f35e1b516d23)
Start importing Assets/3J3_AssetsJeu/Scenes/SceneJeu/Box Volume Profile.asset using Guid(1a99d5f09dc6198408d9146da41285cf) Importer(2089858483,0ecaa5967403d082aa24f35e1b516d23) Generated GUIDs only implemented for interfaces!
 -> (artifact id: '11b78d10781fcc12920e90316e79db10') in 0.020152 seconds 
========================================================================
Received Import Request.
  Time since last request: 0.000058 seconds.
  path: Assets/Samples/XR Interaction Toolkit
  artifactKey: Guid(ab845eff3fb668543a348fe57d5fb215) Importer(2089858483,0ecaa5967403d082aa24f35e1b516d23)
Start importing Assets/Samples/XR Interaction Toolkit using Guid(ab845eff3fb668543a348fe57d5fb215) Importer(2089858483,0ecaa5967403d082aa24f35e1b516d23) Generated GUIDs only implemented for interfaces!
 -> (artifact id: 'dc3a6e5f52dc384d87ccc690095acba9') in 0.016550 seconds 
========================================================================
Received Import Request.
  Time since last request: 0.000039 seconds.
  path: Assets/3J3_AssetsJeu/Scenes/SceneJeu/VolumeNuit Profile.asset
  artifactKey: Guid(fa64bcbe4023b4546aeb78bd18d694e1) Importer(2089858483,0ecaa5967403d082aa24f35e1b516d23)
Start importing Assets/3J3_AssetsJeu/Scenes/SceneJeu/VolumeNuit Profile.asset using Guid(fa64bcbe4023b4546aeb78bd18d694e1) Importer(2089858483,0ecaa5967403d082aa24f35e1b516d23) Generated GUIDs only implemented for interfaces!
 -> (artifact id: '4f469a4c19317fea7861a9c056be57bc') in 0.015521 seconds 
========================================================================
Received Import Request.
  Time since last request: 0.000038 seconds.
  path: Assets/M67/Prefabs
  artifactKey: Guid(24ce91b1fff136f498db4b4b38286692) Importer(2089858483,0ecaa5967403d082aa24f35e1b516d23)
Start importing Assets/M67/Prefabs using Guid(24ce91b1fff136f498db4b4b38286692) Importer(2089858483,0ecaa5967403d082aa24f35e1b516d23) Generated GUIDs only implemented for interfaces!
 -> (artifact id: 'f1ceff405152a5d33a6ece210c2c327a') in 0.014763 seconds 
========================================================================
Received Import Request.
  Time since last request: 0.000034 seconds.
  path: Assets/5JB_Ex3-MiniJeu/Scripts/ControleMains.cs
  artifactKey: Guid(073d96fe70c767f46897e03194b4acaf) Importer(2089858483,0ecaa5967403d082aa24f35e1b516d23)
Start importing Assets/5JB_Ex3-MiniJeu/Scripts/ControleMains.cs using Guid(073d96fe70c767f46897e03194b4acaf) Importer(2089858483,0ecaa5967403d082aa24f35e1b516d23) Generated GUIDs only implemented for interfaces!
 -> (artifact id: '31ac16df0e288164f4c3cf44ed7621be') in 0.015246 seconds 
========================================================================
Received Import Request.
  Time since last request: 0.000036 seconds.
  path: Assets/M67/Materials/M67 old.mat
  artifactKey: Guid(f60159f2dbbc5e94eb8e27eb50b1402e) Importer(2089858483,0ecaa5967403d082aa24f35e1b516d23)
Start importing Assets/M67/Materials/M67 old.mat using Guid(f60159f2dbbc5e94eb8e27eb50b1402e) Importer(2089858483,0ecaa5967403d082aa24f35e1b516d23) Generated GUIDs only implemented for interfaces!
 -> (artifact id: '56161e2c5be8cdf759802d8ac5abedda') in 1.559204 seconds 
========================================================================
Received Import Request.
  Time since last request: 0.000070 seconds.
  path: Assets/3J3_AssetsJeu/Scripts/scriptGenerateurBalle.cs
  artifactKey: Guid(341e9148ce8714a48a7e2b5cf79f9148) Importer(2089858483,0ecaa5967403d082aa24f35e1b516d23)
Start importing Assets/3J3_AssetsJeu/Scripts/scriptGenerateurBalle.cs using Guid(341e9148ce8714a48a7e2b5cf79f9148) Importer(2089858483,0ecaa5967403d082aa24f35e1b516d23) Generated GUIDs only implemented for interfaces!
 -> (artifact id: '1dda8470df621a3daf25ff9cbe8aa28c') in 0.017713 seconds 
========================================================================
Received Import Request.
  Time since last request: 0.000050 seconds.
  path: Assets/3J3_AssetsJeu/Scenes/SceneReussi.unity
  artifactKey: Guid(b541139855d9a00418b7a4444ec5031f) Importer(2089858483,0ecaa5967403d082aa24f35e1b516d23)
Start importing Assets/3J3_AssetsJeu/Scenes/SceneReussi.unity using Guid(b541139855d9a00418b7a4444ec5031f) Importer(2089858483,0ecaa5967403d082aa24f35e1b516d23) Generated GUIDs only implemented for interfaces!
 -> (artifact id: '7f415a0c915d913a581d2e22d52d0adf') in 0.015733 seconds 
========================================================================
Received Import Request.
  Time since last request: 0.000053 seconds.
  path: Assets/M67/Textures/M67 modern/M67 modern_Roughness.png
  artifactKey: Guid(09e21090b75519d4b9c81c001810140f) Importer(2089858483,0ecaa5967403d082aa24f35e1b516d23)
Start importing Assets/M67/Textures/M67 modern/M67 modern_Roughness.png using Guid(09e21090b75519d4b9c81c001810140f) Importer(2089858483,0ecaa5967403d082aa24f35e1b516d23) Generated GUIDs only implemented for interfaces!
 -> (artifact id: '073691439794ac3319ce67c1784c4a98') in 0.279019 seconds 
========================================================================
Received Import Request.
  Time since last request: 5.161991 seconds.
  path: Assets/3J3_AssetsJeu/_Ressources(Ne pas effacer)/Skybox/sky5X/sky5X_textures/skyX55+z.png
  artifactKey: Guid(9ce6997595952254981513ca1a2ab39c) Importer(815301076,1909f56bfc062723c751e8b465ee728b)
Start importing Assets/3J3_AssetsJeu/_Ressources(Ne pas effacer)/Skybox/sky5X/sky5X_textures/skyX55+z.png using Guid(9ce6997595952254981513ca1a2ab39c) Importer(815301076,1909f56bfc062723c751e8b465ee728b)  -> (artifact id: 'aba50b61a7b8b57bd282826da0625502') in 0.234268 seconds 
========================================================================
Received Import Request.
  Time since last request: 0.000049 seconds.
  path: Assets/3J3_AssetsJeu/_Ressources(Ne pas effacer)/Skybox/sky5X/sky5X_textures/skyX55+y.png
  artifactKey: Guid(736768efc52c9ca4981bd70c503d7d01) Importer(815301076,1909f56bfc062723c751e8b465ee728b)
Start importing Assets/3J3_AssetsJeu/_Ressources(Ne pas effacer)/Skybox/sky5X/sky5X_textures/skyX55+y.png using Guid(736768efc52c9ca4981bd70c503d7d01) Importer(815301076,1909f56bfc062723c751e8b465ee728b)  -> (artifact id: 'a4fedfa3d472a1d3ccbd7259485faf08') in 0.043745 seconds 
========================================================================
Received Prepare
Refreshing native plugins compatible for Editor in 9.28 ms, found 6 plugins.
Preloading 1 native plugins for Editor in 0.08 ms.
Unloading 26 Unused Serialized files (Serialized files now loaded: 0)
Unloading 26 unused Assets / (22.9 KB). Loaded Objects now: 6586.
Memory consumption went from 139.9 MB to 139.8 MB.
Total: 6.960800 ms (FindLiveObjects: 0.684500 ms CreateObjectMapping: 0.413500 ms MarkObjects: 5.815500 ms  DeleteObjects: 0.046000 ms)

AssetImportParameters requested are different than current active one (requested -> active):
  custom:video-decoder-ogg-theora: a1e56fd34408186e4bbccfd4996cb3dc -> 
  custom:container-muxer-webm: aa71ff27fc2769a1b78a27578f13a17b -> 
  custom:container-demuxer-webm: 4f35f7cbe854078d1ac9338744f61a02 -> 
  custom:video-encoder-webm-vp8: eb34c28f22e8b96e1ab97ce403110664 -> 
  custom:audio-encoder-webm-vorbis: bf7c407c2cedff20999df2af8eb42d56 -> 
  custom:framework-win-MediaFoundation: 216162199b28c13a410421893ffa2e32 -> 
  custom:SearchIndexIgnoredProperties: e643bd26f0fe6173181afceb89e7c659 -> 
  custom:container-demuxer-ogg: 62fdf1f143b41e24485cea50d1cbac27 -> 
  custom:video-decoder-webm-vp8: 9c59270c3fd7afecdb556c50c9e8de78 -> 
  custom:audio-decoder-ogg-vorbis: bf7c407c2cedff20999df2af8eb42d56 -> 
Editor requested this worker to shutdown with reason: Scaling down because of idle timeout
AssetImportWorker is now disconnected from the server
Process exiting
Exiting without the bug reporter. Application will terminate with return code 0